<?xml version="1.0" encoding="UTF-8"?>
<testsuite xmlns:xsi="http://www.w3.org/2001/XMLSchema-instance" xsi:noNamespaceSchemaLocation="https://maven.apache.org/surefire/maven-surefire-plugin/xsd/surefire-test-report-3.0.xsd" version="3.0" name="TestSuite" time="129.746" tests="5" errors="0" skipped="0" failures="5">
  <properties>
    <property name="java.specification.version" value="15"/>
    <property name="webdriver.chrome.driver" value="/Users/00131018amirulhakim/.cache/selenium/chromedriver/mac64/131.0.6778.87/chromedriver"/>
    <property name="sun.jnu.encoding" value="UTF-8"/>
    <property name="sun.awt.enableExtraMouseButtons" value="true"/>
    <property name="java.class.path" value="/Users/00131018amirulhakim/Documents/com.test 2.framework/target/test-classes:/Users/00131018amirulhakim/Documents/com.test 2.framework/target/classes:/Users/00131018amirulhakim/.m2/repository/io/cucumber/cucumber-java/7.2.3/cucumber-java-7.2.3.jar:/Users/00131018amirulhakim/.m2/repository/org/apiguardian/apiguardian-api/1.1.2/apiguardian-api-1.1.2.jar:/Users/00131018amirulhakim/.m2/repository/io/cucumber/cucumber-junit/7.2.3/cucumber-junit-7.2.3.jar:/Users/00131018amirulhakim/.m2/repository/io/cucumber/cucumber-core/7.2.3/cucumber-core-7.2.3.jar:/Users/00131018amirulhakim/.m2/repository/io/cucumber/cucumber-gherkin-messages/7.2.3/cucumber-gherkin-messages-7.2.3.jar:/Users/00131018amirulhakim/.m2/repository/io/cucumber/messages/17.1.1/messages-17.1.1.jar:/Users/00131018amirulhakim/.m2/repository/io/cucumber/tag-expressions/4.1.0/tag-expressions-4.1.0.jar:/Users/00131018amirulhakim/.m2/repository/io/cucumber/cucumber-expressions/15.0.1/cucumber-expressions-15.0.1.jar:/Users/00131018amirulhakim/.m2/repository/io/cucumber/datatable/7.2.3/datatable-7.2.3.jar:/Users/00131018amirulhakim/.m2/repository/io/cucumber/docstring/7.2.3/docstring-7.2.3.jar:/Users/00131018amirulhakim/.m2/repository/io/cucumber/html-formatter/17.0.0/html-formatter-17.0.0.jar:/Users/00131018amirulhakim/.m2/repository/io/cucumber/ci-environment/8.1.0/ci-environment-8.1.0.jar:/Users/00131018amirulhakim/.m2/repository/io/cucumber/cucumber-picocontainer/7.18.0/cucumber-picocontainer-7.18.0.jar:/Users/00131018amirulhakim/.m2/repository/org/picocontainer/picocontainer/2.15/picocontainer-2.15.jar:/Users/00131018amirulhakim/.m2/repository/io/cucumber/gherkin/22.0.0/gherkin-22.0.0.jar:/Users/00131018amirulhakim/.m2/repository/io/cucumber/cucumber-java8/7.2.3/cucumber-java8-7.2.3.jar:/Users/00131018amirulhakim/.m2/repository/net/jodah/typetools/0.6.3/typetools-0.6.3.jar:/Users/00131018amirulhakim/.m2/repository/io/cucumber/cucumber-testng/7.2.3/cucumber-testng-7.2.3.jar:/Users/00131018amirulhakim/.m2/repository/io/cucumber/cucumber-gherkin/7.2.3/cucumber-gherkin-7.2.3.jar:/Users/00131018amirulhakim/.m2/repository/io/cucumber/cucumber-plugin/7.2.3/cucumber-plugin-7.2.3.jar:/Users/00131018amirulhakim/.m2/repository/junit/junit/4.13.2/junit-4.13.2.jar:/Users/00131018amirulhakim/.m2/repository/org/hamcrest/hamcrest-core/1.3/hamcrest-core-1.3.jar:/Users/00131018amirulhakim/.m2/repository/tech/grasshopper/extentreports-cucumber7-adapter/1.14.0/extentreports-cucumber7-adapter-1.14.0.jar:/Users/00131018amirulhakim/.m2/repository/tech/grasshopper/extent-pdf-report/2.12.0/extent-pdf-report-2.12.0.jar:/Users/00131018amirulhakim/.m2/repository/tech/grasshopper/cucumber-pdf-report/2.14.0/cucumber-pdf-report-2.14.0.jar:/Users/00131018amirulhakim/.m2/repository/org/knowm/xchart/xchart/3.8.0/xchart-3.8.0.jar:/Users/00131018amirulhakim/.m2/repository/de/erichseifert/vectorgraphics2d/VectorGraphics2D/0.13/VectorGraphics2D-0.13.jar:/Users/00131018amirulhakim/.m2/repository/de/rototor/pdfbox/graphics2d/0.30/graphics2d-0.30.jar:/Users/00131018amirulhakim/.m2/repository/com/madgag/animated-gif-lib/1.4/animated-gif-lib-1.4.jar:/Users/00131018amirulhakim/.m2/repository/org/yaml/snakeyaml/2.0/snakeyaml-2.0.jar:/Users/00131018amirulhakim/.m2/repository/tech/grasshopper/table-layout/1.5.1/table-layout-1.5.1.jar:/Users/00131018amirulhakim/.m2/repository/tech/grasshopper/rest-assured-cucumber-pdf-report/1.5.0/rest-assured-cucumber-pdf-report-1.5.0.jar:/Users/00131018amirulhakim/.m2/repository/org/jsoup/jsoup/1.15.3/jsoup-1.15.3.jar:/Users/00131018amirulhakim/.m2/repository/com/aventstack/klov-reporter/5.1.0/klov-reporter-5.1.0.jar:/Users/00131018amirulhakim/.m2/repository/org/mongodb/mongodb-driver/3.6.4/mongodb-driver-3.6.4.jar:/Users/00131018amirulhakim/.m2/repository/org/mongodb/mongodb-driver-core/3.6.4/mongodb-driver-core-3.6.4.jar:/Users/00131018amirulhakim/.m2/repository/org/mongodb/bson/3.6.4/bson-3.6.4.jar:/Users/00131018amirulhakim/.m2/repository/tech/grasshopper/htmlextentreporter/1.1.0/htmlextentreporter-1.1.0.jar:/Users/00131018amirulhakim/.m2/repository/tech/grasshopper/extent-excel-report/1.4.0/extent-excel-report-1.4.0.jar:/Users/00131018amirulhakim/.m2/repository/com/aventstack/extentreports/5.1.2/extentreports-5.1.2.jar:/Users/00131018amirulhakim/.m2/repository/io/reactivex/rxjava3/rxjava/3.1.6/rxjava-3.1.6.jar:/Users/00131018amirulhakim/.m2/repository/org/reactivestreams/reactive-streams/1.0.4/reactive-streams-1.0.4.jar:/Users/00131018amirulhakim/.m2/repository/org/freemarker/freemarker/2.3.32/freemarker-2.3.32.jar:/Users/00131018amirulhakim/.m2/repository/org/projectlombok/lombok/1.18.26/lombok-1.18.26.jar:/Users/00131018amirulhakim/.m2/repository/com/google/code/gson/gson/2.10.1/gson-2.10.1.jar:/Users/00131018amirulhakim/.m2/repository/org/apache/poi/poi-ooxml/5.3.0/poi-ooxml-5.3.0.jar:/Users/00131018amirulhakim/.m2/repository/org/apache/poi/poi/5.3.0/poi-5.3.0.jar:/Users/00131018amirulhakim/.m2/repository/commons-codec/commons-codec/1.17.0/commons-codec-1.17.0.jar:/Users/00131018amirulhakim/.m2/repository/org/apache/commons/commons-math3/3.6.1/commons-math3-3.6.1.jar:/Users/00131018amirulhakim/.m2/repository/com/zaxxer/SparseBitSet/1.3/SparseBitSet-1.3.jar:/Users/00131018amirulhakim/.m2/repository/org/apache/poi/poi-ooxml-lite/5.3.0/poi-ooxml-lite-5.3.0.jar:/Users/00131018amirulhakim/.m2/repository/org/apache/xmlbeans/xmlbeans/5.2.1/xmlbeans-5.2.1.jar:/Users/00131018amirulhakim/.m2/repository/org/apache/commons/commons-compress/1.26.2/commons-compress-1.26.2.jar:/Users/00131018amirulhakim/.m2/repository/commons-io/commons-io/2.16.1/commons-io-2.16.1.jar:/Users/00131018amirulhakim/.m2/repository/com/github/virtuald/curvesapi/1.08/curvesapi-1.08.jar:/Users/00131018amirulhakim/.m2/repository/org/apache/logging/log4j/log4j-api/2.23.1/log4j-api-2.23.1.jar:/Users/00131018amirulhakim/.m2/repository/org/apache/commons/commons-collections4/4.4/commons-collections4-4.4.jar:/Users/00131018amirulhakim/.m2/repository/org/apache/pdfbox/pdfbox/2.0.25/pdfbox-2.0.25.jar:/Users/00131018amirulhakim/.m2/repository/org/apache/pdfbox/fontbox/2.0.25/fontbox-2.0.25.jar:/Users/00131018amirulhakim/.m2/repository/commons-logging/commons-logging/1.2/commons-logging-1.2.jar:/Users/00131018amirulhakim/.m2/repository/org/seleniumhq/selenium/selenium-java/4.27.0/selenium-java-4.27.0.jar:/Users/00131018amirulhakim/.m2/repository/org/seleniumhq/selenium/selenium-api/4.27.0/selenium-api-4.27.0.jar:/Users/00131018amirulhakim/.m2/repository/org/jspecify/jspecify/1.0.0/jspecify-1.0.0.jar:/Users/00131018amirulhakim/.m2/repository/org/seleniumhq/selenium/selenium-devtools-v129/4.27.0/selenium-devtools-v129-4.27.0.jar:/Users/00131018amirulhakim/.m2/repository/org/seleniumhq/selenium/selenium-devtools-v130/4.27.0/selenium-devtools-v130-4.27.0.jar:/Users/00131018amirulhakim/.m2/repository/org/seleniumhq/selenium/selenium-devtools-v131/4.27.0/selenium-devtools-v131-4.27.0.jar:/Users/00131018amirulhakim/.m2/repository/org/seleniumhq/selenium/selenium-devtools-v85/4.27.0/selenium-devtools-v85-4.27.0.jar:/Users/00131018amirulhakim/.m2/repository/org/seleniumhq/selenium/selenium-edge-driver/4.27.0/selenium-edge-driver-4.27.0.jar:/Users/00131018amirulhakim/.m2/repository/org/seleniumhq/selenium/selenium-firefox-driver/4.27.0/selenium-firefox-driver-4.27.0.jar:/Users/00131018amirulhakim/.m2/repository/org/seleniumhq/selenium/selenium-http/4.27.0/selenium-http-4.27.0.jar:/Users/00131018amirulhakim/.m2/repository/dev/failsafe/failsafe/3.3.2/failsafe-3.3.2.jar:/Users/00131018amirulhakim/.m2/repository/org/seleniumhq/selenium/selenium-ie-driver/4.27.0/selenium-ie-driver-4.27.0.jar:/Users/00131018amirulhakim/.m2/repository/org/seleniumhq/selenium/selenium-remote-driver/4.27.0/selenium-remote-driver-4.27.0.jar:/Users/00131018amirulhakim/.m2/repository/io/opentelemetry/semconv/opentelemetry-semconv/1.25.0-alpha/opentelemetry-semconv-1.25.0-alpha.jar:/Users/00131018amirulhakim/.m2/repository/io/opentelemetry/opentelemetry-api/1.44.1/opentelemetry-api-1.44.1.jar:/Users/00131018amirulhakim/.m2/repository/io/opentelemetry/opentelemetry-context/1.44.1/opentelemetry-context-1.44.1.jar:/Users/00131018amirulhakim/.m2/repository/io/opentelemetry/opentelemetry-exporter-logging/1.44.1/opentelemetry-exporter-logging-1.44.1.jar:/Users/00131018amirulhakim/.m2/repository/io/opentelemetry/opentelemetry-sdk-common/1.44.1/opentelemetry-sdk-common-1.44.1.jar:/Users/00131018amirulhakim/.m2/repository/io/opentelemetry/opentelemetry-sdk-extension-autoconfigure-spi/1.44.1/opentelemetry-sdk-extension-autoconfigure-spi-1.44.1.jar:/Users/00131018amirulhakim/.m2/repository/io/opentelemetry/opentelemetry-sdk-extension-autoconfigure/1.44.1/opentelemetry-sdk-extension-autoconfigure-1.44.1.jar:/Users/00131018amirulhakim/.m2/repository/io/opentelemetry/opentelemetry-api-incubator/1.44.1-alpha/opentelemetry-api-incubator-1.44.1-alpha.jar:/Users/00131018amirulhakim/.m2/repository/io/opentelemetry/opentelemetry-sdk-trace/1.44.1/opentelemetry-sdk-trace-1.44.1.jar:/Users/00131018amirulhakim/.m2/repository/io/opentelemetry/opentelemetry-sdk/1.44.1/opentelemetry-sdk-1.44.1.jar:/Users/00131018amirulhakim/.m2/repository/io/opentelemetry/opentelemetry-sdk-metrics/1.44.1/opentelemetry-sdk-metrics-1.44.1.jar:/Users/00131018amirulhakim/.m2/repository/io/opentelemetry/opentelemetry-sdk-logs/1.44.1/opentelemetry-sdk-logs-1.44.1.jar:/Users/00131018amirulhakim/.m2/repository/org/seleniumhq/selenium/selenium-os/4.27.0/selenium-os-4.27.0.jar:/Users/00131018amirulhakim/.m2/repository/org/apache/commons/commons-exec/1.4.0/commons-exec-1.4.0.jar:/Users/00131018amirulhakim/.m2/repository/org/seleniumhq/selenium/selenium-safari-driver/4.27.0/selenium-safari-driver-4.27.0.jar:/Users/00131018amirulhakim/.m2/repository/org/seleniumhq/selenium/selenium-support/4.27.0/selenium-support-4.27.0.jar:/Users/00131018amirulhakim/.m2/repository/org/seleniumhq/selenium/selenium-chrome-driver/4.27.0/selenium-chrome-driver-4.27.0.jar:/Users/00131018amirulhakim/.m2/repository/com/google/auto/service/auto-service-annotations/1.1.1/auto-service-annotations-1.1.1.jar:/Users/00131018amirulhakim/.m2/repository/org/seleniumhq/selenium/selenium-chromium-driver/4.27.0/selenium-chromium-driver-4.27.0.jar:/Users/00131018amirulhakim/.m2/repository/org/seleniumhq/selenium/selenium-json/4.27.0/selenium-json-4.27.0.jar:/Users/00131018amirulhakim/.m2/repository/org/seleniumhq/selenium/selenium-manager/4.27.0/selenium-manager-4.27.0.jar:/Users/00131018amirulhakim/.m2/repository/io/github/bonigarcia/webdrivermanager/5.9.2/webdrivermanager-5.9.2.jar:/Users/00131018amirulhakim/.m2/repository/com/github/docker-java/docker-java/3.4.0/docker-java-3.4.0.jar:/Users/00131018amirulhakim/.m2/repository/com/github/docker-java/docker-java-core/3.4.0/docker-java-core-3.4.0.jar:/Users/00131018amirulhakim/.m2/repository/com/github/docker-java/docker-java-api/3.4.0/docker-java-api-3.4.0.jar:/Users/00131018amirulhakim/.m2/repository/com/fasterxml/jackson/core/jackson-annotations/2.10.3/jackson-annotations-2.10.3.jar:/Users/00131018amirulhakim/.m2/repository/com/fasterxml/jackson/core/jackson-databind/2.10.3/jackson-databind-2.10.3.jar:/Users/00131018amirulhakim/.m2/repository/com/fasterxml/jackson/core/jackson-core/2.10.3/jackson-core-2.10.3.jar:/Users/00131018amirulhakim/.m2/repository/org/slf4j/jcl-over-slf4j/1.7.30/jcl-over-slf4j-1.7.30.jar:/Users/00131018amirulhakim/.m2/repository/com/github/docker-java/docker-java-transport-httpclient5/3.4.0/docker-java-transport-httpclient5-3.4.0.jar:/Users/00131018amirulhakim/.m2/repository/com/github/docker-java/docker-java-transport/3.4.0/docker-java-transport-3.4.0.jar:/Users/00131018amirulhakim/.m2/repository/net/java/dev/jna/jna/5.13.0/jna-5.13.0.jar:/Users/00131018amirulhakim/.m2/repository/org/brotli/dec/0.1.2/dec-0.1.2.jar:/Users/00131018amirulhakim/.m2/repository/org/apache/commons/commons-lang3/3.15.0/commons-lang3-3.15.0.jar:/Users/00131018amirulhakim/.m2/repository/org/apache/httpcomponents/client5/httpclient5/5.2.1/httpclient5-5.2.1.jar:/Users/00131018amirulhakim/.m2/repository/org/apache/httpcomponents/core5/httpcore5/5.2/httpcore5-5.2.jar:/Users/00131018amirulhakim/.m2/repository/org/apache/httpcomponents/core5/httpcore5-h2/5.2/httpcore5-h2-5.2.jar:/Users/00131018amirulhakim/.m2/repository/org/slf4j/slf4j-api/1.7.36/slf4j-api-1.7.36.jar:/Users/00131018amirulhakim/.m2/repository/org/slf4j/slf4j-simple/1.7.36/slf4j-simple-1.7.36.jar:/Users/00131018amirulhakim/.m2/repository/org/testng/testng/7.10.1/testng-7.10.1.jar:/Users/00131018amirulhakim/.m2/repository/com/beust/jcommander/1.82/jcommander-1.82.jar:/Users/00131018amirulhakim/.m2/repository/org/webjars/jquery/3.7.1/jquery-3.7.1.jar:/Users/00131018amirulhakim/.m2/repository/io/appium/java-client/9.3.0/java-client-9.3.0.jar:/Users/00131018amirulhakim/.m2/repository/io/rest-assured/rest-assured/5.1.1/rest-assured-5.1.1.jar:/Users/00131018amirulhakim/.m2/repository/org/apache/groovy/groovy/4.0.1/groovy-4.0.1.jar:/Users/00131018amirulhakim/.m2/repository/org/apache/groovy/groovy-xml/4.0.1/groovy-xml-4.0.1.jar:/Users/00131018amirulhakim/.m2/repository/org/apache/httpcomponents/httpclient/4.5.13/httpclient-4.5.13.jar:/Users/00131018amirulhakim/.m2/repository/org/apache/httpcomponents/httpcore/4.4.13/httpcore-4.4.13.jar:/Users/00131018amirulhakim/.m2/repository/org/apache/httpcomponents/httpmime/4.5.13/httpmime-4.5.13.jar:/Users/00131018amirulhakim/.m2/repository/org/hamcrest/hamcrest/2.1/hamcrest-2.1.jar:/Users/00131018amirulhakim/.m2/repository/org/ccil/cowan/tagsoup/tagsoup/1.2.1/tagsoup-1.2.1.jar:/Users/00131018amirulhakim/.m2/repository/io/rest-assured/json-path/5.1.1/json-path-5.1.1.jar:/Users/00131018amirulhakim/.m2/repository/org/apache/groovy/groovy-json/4.0.1/groovy-json-4.0.1.jar:/Users/00131018amirulhakim/.m2/repository/io/rest-assured/rest-assured-common/5.1.1/rest-assured-common-5.1.1.jar:/Users/00131018amirulhakim/.m2/repository/io/rest-assured/xml-path/5.1.1/xml-path-5.1.1.jar:/Users/00131018amirulhakim/.m2/repository/com/googlecode/json-simple/json-simple/1.1.1/json-simple-1.1.1.jar:/Users/00131018amirulhakim/.m2/repository/org/reflections/reflections/0.9.12/reflections-0.9.12.jar:/Users/00131018amirulhakim/.m2/repository/org/javassist/javassist/3.26.0-GA/javassist-3.26.0-GA.jar:/Users/00131018amirulhakim/.m2/repository/net/bytebuddy/byte-buddy/1.15.10/byte-buddy-1.15.10.jar:/Users/00131018amirulhakim/.m2/repository/com/google/guava/guava/33.3.1-jre/guava-33.3.1-jre.jar:/Users/00131018amirulhakim/.m2/repository/com/google/guava/failureaccess/1.0.2/failureaccess-1.0.2.jar:/Users/00131018amirulhakim/.m2/repository/com/google/guava/listenablefuture/9999.0-empty-to-avoid-conflict-with-guava/listenablefuture-9999.0-empty-to-avoid-conflict-with-guava.jar:/Users/00131018amirulhakim/.m2/repository/com/google/code/findbugs/jsr305/3.0.2/jsr305-3.0.2.jar:/Users/00131018amirulhakim/.m2/repository/org/checkerframework/checker-qual/3.43.0/checker-qual-3.43.0.jar:/Users/00131018amirulhakim/.m2/repository/com/google/errorprone/error_prone_annotations/2.28.0/error_prone_annotations-2.28.0.jar:/Users/00131018amirulhakim/.m2/repository/com/google/j2objc/j2objc-annotations/3.0.0/j2objc-annotations-3.0.0.jar:"/>
    <property name="java.vm.vendor" value="Oracle Corporation"/>
    <property name="sun.arch.data.model" value="64"/>
    <property name="sun.font.fontmanager" value="sun.font.CFontManager"/>
    <property name="java.vendor.url" value="https://java.oracle.com/"/>
    <property name="user.timezone" value="Asia/Kuala_Lumpur"/>
    <property name="os.name" value="Mac OS X"/>
    <property name="java.vm.specification.version" value="15"/>
    <property name="sun.java.launcher" value="SUN_STANDARD"/>
    <property name="user.country" value="MY"/>
    <property name="sun.boot.library.path" value="/Library/Java/JavaVirtualMachines/jdk-15.0.2.jdk/Contents/Home/lib"/>
    <property name="sun.java.command" value="/Users/00131018amirulhakim/Documents/com.test 2.framework/target/surefire/surefirebooter-20241210143703786_3.jar /Users/00131018amirulhakim/Documents/com.test 2.framework/target/surefire 2024-12-10T14-37-00_933-jvmRun1 surefire-20241210143703786_1tmp surefire_0-20241210143703786_2tmp"/>
    <property name="http.nonProxyHosts" value="local|*.local|169.254/16|*.169.254/16"/>
    <property name="jdk.debug" value="release"/>
    <property name="surefire.test.class.path" value="/Users/00131018amirulhakim/Documents/com.test 2.framework/target/test-classes:/Users/00131018amirulhakim/Documents/com.test 2.framework/target/classes:/Users/00131018amirulhakim/.m2/repository/io/cucumber/cucumber-java/7.2.3/cucumber-java-7.2.3.jar:/Users/00131018amirulhakim/.m2/repository/org/apiguardian/apiguardian-api/1.1.2/apiguardian-api-1.1.2.jar:/Users/00131018amirulhakim/.m2/repository/io/cucumber/cucumber-junit/7.2.3/cucumber-junit-7.2.3.jar:/Users/00131018amirulhakim/.m2/repository/io/cucumber/cucumber-core/7.2.3/cucumber-core-7.2.3.jar:/Users/00131018amirulhakim/.m2/repository/io/cucumber/cucumber-gherkin-messages/7.2.3/cucumber-gherkin-messages-7.2.3.jar:/Users/00131018amirulhakim/.m2/repository/io/cucumber/messages/17.1.1/messages-17.1.1.jar:/Users/00131018amirulhakim/.m2/repository/io/cucumber/tag-expressions/4.1.0/tag-expressions-4.1.0.jar:/Users/00131018amirulhakim/.m2/repository/io/cucumber/cucumber-expressions/15.0.1/cucumber-expressions-15.0.1.jar:/Users/00131018amirulhakim/.m2/repository/io/cucumber/datatable/7.2.3/datatable-7.2.3.jar:/Users/00131018amirulhakim/.m2/repository/io/cucumber/docstring/7.2.3/docstring-7.2.3.jar:/Users/00131018amirulhakim/.m2/repository/io/cucumber/html-formatter/17.0.0/html-formatter-17.0.0.jar:/Users/00131018amirulhakim/.m2/repository/io/cucumber/ci-environment/8.1.0/ci-environment-8.1.0.jar:/Users/00131018amirulhakim/.m2/repository/io/cucumber/cucumber-picocontainer/7.18.0/cucumber-picocontainer-7.18.0.jar:/Users/00131018amirulhakim/.m2/repository/org/picocontainer/picocontainer/2.15/picocontainer-2.15.jar:/Users/00131018amirulhakim/.m2/repository/io/cucumber/gherkin/22.0.0/gherkin-22.0.0.jar:/Users/00131018amirulhakim/.m2/repository/io/cucumber/cucumber-java8/7.2.3/cucumber-java8-7.2.3.jar:/Users/00131018amirulhakim/.m2/repository/net/jodah/typetools/0.6.3/typetools-0.6.3.jar:/Users/00131018amirulhakim/.m2/repository/io/cucumber/cucumber-testng/7.2.3/cucumber-testng-7.2.3.jar:/Users/00131018amirulhakim/.m2/repository/io/cucumber/cucumber-gherkin/7.2.3/cucumber-gherkin-7.2.3.jar:/Users/00131018amirulhakim/.m2/repository/io/cucumber/cucumber-plugin/7.2.3/cucumber-plugin-7.2.3.jar:/Users/00131018amirulhakim/.m2/repository/junit/junit/4.13.2/junit-4.13.2.jar:/Users/00131018amirulhakim/.m2/repository/org/hamcrest/hamcrest-core/1.3/hamcrest-core-1.3.jar:/Users/00131018amirulhakim/.m2/repository/tech/grasshopper/extentreports-cucumber7-adapter/1.14.0/extentreports-cucumber7-adapter-1.14.0.jar:/Users/00131018amirulhakim/.m2/repository/tech/grasshopper/extent-pdf-report/2.12.0/extent-pdf-report-2.12.0.jar:/Users/00131018amirulhakim/.m2/repository/tech/grasshopper/cucumber-pdf-report/2.14.0/cucumber-pdf-report-2.14.0.jar:/Users/00131018amirulhakim/.m2/repository/org/knowm/xchart/xchart/3.8.0/xchart-3.8.0.jar:/Users/00131018amirulhakim/.m2/repository/de/erichseifert/vectorgraphics2d/VectorGraphics2D/0.13/VectorGraphics2D-0.13.jar:/Users/00131018amirulhakim/.m2/repository/de/rototor/pdfbox/graphics2d/0.30/graphics2d-0.30.jar:/Users/00131018amirulhakim/.m2/repository/com/madgag/animated-gif-lib/1.4/animated-gif-lib-1.4.jar:/Users/00131018amirulhakim/.m2/repository/org/yaml/snakeyaml/2.0/snakeyaml-2.0.jar:/Users/00131018amirulhakim/.m2/repository/tech/grasshopper/table-layout/1.5.1/table-layout-1.5.1.jar:/Users/00131018amirulhakim/.m2/repository/tech/grasshopper/rest-assured-cucumber-pdf-report/1.5.0/rest-assured-cucumber-pdf-report-1.5.0.jar:/Users/00131018amirulhakim/.m2/repository/org/jsoup/jsoup/1.15.3/jsoup-1.15.3.jar:/Users/00131018amirulhakim/.m2/repository/com/aventstack/klov-reporter/5.1.0/klov-reporter-5.1.0.jar:/Users/00131018amirulhakim/.m2/repository/org/mongodb/mongodb-driver/3.6.4/mongodb-driver-3.6.4.jar:/Users/00131018amirulhakim/.m2/repository/org/mongodb/mongodb-driver-core/3.6.4/mongodb-driver-core-3.6.4.jar:/Users/00131018amirulhakim/.m2/repository/org/mongodb/bson/3.6.4/bson-3.6.4.jar:/Users/00131018amirulhakim/.m2/repository/tech/grasshopper/htmlextentreporter/1.1.0/htmlextentreporter-1.1.0.jar:/Users/00131018amirulhakim/.m2/repository/tech/grasshopper/extent-excel-report/1.4.0/extent-excel-report-1.4.0.jar:/Users/00131018amirulhakim/.m2/repository/com/aventstack/extentreports/5.1.2/extentreports-5.1.2.jar:/Users/00131018amirulhakim/.m2/repository/io/reactivex/rxjava3/rxjava/3.1.6/rxjava-3.1.6.jar:/Users/00131018amirulhakim/.m2/repository/org/reactivestreams/reactive-streams/1.0.4/reactive-streams-1.0.4.jar:/Users/00131018amirulhakim/.m2/repository/org/freemarker/freemarker/2.3.32/freemarker-2.3.32.jar:/Users/00131018amirulhakim/.m2/repository/org/projectlombok/lombok/1.18.26/lombok-1.18.26.jar:/Users/00131018amirulhakim/.m2/repository/com/google/code/gson/gson/2.10.1/gson-2.10.1.jar:/Users/00131018amirulhakim/.m2/repository/org/apache/poi/poi-ooxml/5.3.0/poi-ooxml-5.3.0.jar:/Users/00131018amirulhakim/.m2/repository/org/apache/poi/poi/5.3.0/poi-5.3.0.jar:/Users/00131018amirulhakim/.m2/repository/commons-codec/commons-codec/1.17.0/commons-codec-1.17.0.jar:/Users/00131018amirulhakim/.m2/repository/org/apache/commons/commons-math3/3.6.1/commons-math3-3.6.1.jar:/Users/00131018amirulhakim/.m2/repository/com/zaxxer/SparseBitSet/1.3/SparseBitSet-1.3.jar:/Users/00131018amirulhakim/.m2/repository/org/apache/poi/poi-ooxml-lite/5.3.0/poi-ooxml-lite-5.3.0.jar:/Users/00131018amirulhakim/.m2/repository/org/apache/xmlbeans/xmlbeans/5.2.1/xmlbeans-5.2.1.jar:/Users/00131018amirulhakim/.m2/repository/org/apache/commons/commons-compress/1.26.2/commons-compress-1.26.2.jar:/Users/00131018amirulhakim/.m2/repository/commons-io/commons-io/2.16.1/commons-io-2.16.1.jar:/Users/00131018amirulhakim/.m2/repository/com/github/virtuald/curvesapi/1.08/curvesapi-1.08.jar:/Users/00131018amirulhakim/.m2/repository/org/apache/logging/log4j/log4j-api/2.23.1/log4j-api-2.23.1.jar:/Users/00131018amirulhakim/.m2/repository/org/apache/commons/commons-collections4/4.4/commons-collections4-4.4.jar:/Users/00131018amirulhakim/.m2/repository/org/apache/pdfbox/pdfbox/2.0.25/pdfbox-2.0.25.jar:/Users/00131018amirulhakim/.m2/repository/org/apache/pdfbox/fontbox/2.0.25/fontbox-2.0.25.jar:/Users/00131018amirulhakim/.m2/repository/commons-logging/commons-logging/1.2/commons-logging-1.2.jar:/Users/00131018amirulhakim/.m2/repository/org/seleniumhq/selenium/selenium-java/4.27.0/selenium-java-4.27.0.jar:/Users/00131018amirulhakim/.m2/repository/org/seleniumhq/selenium/selenium-api/4.27.0/selenium-api-4.27.0.jar:/Users/00131018amirulhakim/.m2/repository/org/jspecify/jspecify/1.0.0/jspecify-1.0.0.jar:/Users/00131018amirulhakim/.m2/repository/org/seleniumhq/selenium/selenium-devtools-v129/4.27.0/selenium-devtools-v129-4.27.0.jar:/Users/00131018amirulhakim/.m2/repository/org/seleniumhq/selenium/selenium-devtools-v130/4.27.0/selenium-devtools-v130-4.27.0.jar:/Users/00131018amirulhakim/.m2/repository/org/seleniumhq/selenium/selenium-devtools-v131/4.27.0/selenium-devtools-v131-4.27.0.jar:/Users/00131018amirulhakim/.m2/repository/org/seleniumhq/selenium/selenium-devtools-v85/4.27.0/selenium-devtools-v85-4.27.0.jar:/Users/00131018amirulhakim/.m2/repository/org/seleniumhq/selenium/selenium-edge-driver/4.27.0/selenium-edge-driver-4.27.0.jar:/Users/00131018amirulhakim/.m2/repository/org/seleniumhq/selenium/selenium-firefox-driver/4.27.0/selenium-firefox-driver-4.27.0.jar:/Users/00131018amirulhakim/.m2/repository/org/seleniumhq/selenium/selenium-http/4.27.0/selenium-http-4.27.0.jar:/Users/00131018amirulhakim/.m2/repository/dev/failsafe/failsafe/3.3.2/failsafe-3.3.2.jar:/Users/00131018amirulhakim/.m2/repository/org/seleniumhq/selenium/selenium-ie-driver/4.27.0/selenium-ie-driver-4.27.0.jar:/Users/00131018amirulhakim/.m2/repository/org/seleniumhq/selenium/selenium-remote-driver/4.27.0/selenium-remote-driver-4.27.0.jar:/Users/00131018amirulhakim/.m2/repository/io/opentelemetry/semconv/opentelemetry-semconv/1.25.0-alpha/opentelemetry-semconv-1.25.0-alpha.jar:/Users/00131018amirulhakim/.m2/repository/io/opentelemetry/opentelemetry-api/1.44.1/opentelemetry-api-1.44.1.jar:/Users/00131018amirulhakim/.m2/repository/io/opentelemetry/opentelemetry-context/1.44.1/opentelemetry-context-1.44.1.jar:/Users/00131018amirulhakim/.m2/repository/io/opentelemetry/opentelemetry-exporter-logging/1.44.1/opentelemetry-exporter-logging-1.44.1.jar:/Users/00131018amirulhakim/.m2/repository/io/opentelemetry/opentelemetry-sdk-common/1.44.1/opentelemetry-sdk-common-1.44.1.jar:/Users/00131018amirulhakim/.m2/repository/io/opentelemetry/opentelemetry-sdk-extension-autoconfigure-spi/1.44.1/opentelemetry-sdk-extension-autoconfigure-spi-1.44.1.jar:/Users/00131018amirulhakim/.m2/repository/io/opentelemetry/opentelemetry-sdk-extension-autoconfigure/1.44.1/opentelemetry-sdk-extension-autoconfigure-1.44.1.jar:/Users/00131018amirulhakim/.m2/repository/io/opentelemetry/opentelemetry-api-incubator/1.44.1-alpha/opentelemetry-api-incubator-1.44.1-alpha.jar:/Users/00131018amirulhakim/.m2/repository/io/opentelemetry/opentelemetry-sdk-trace/1.44.1/opentelemetry-sdk-trace-1.44.1.jar:/Users/00131018amirulhakim/.m2/repository/io/opentelemetry/opentelemetry-sdk/1.44.1/opentelemetry-sdk-1.44.1.jar:/Users/00131018amirulhakim/.m2/repository/io/opentelemetry/opentelemetry-sdk-metrics/1.44.1/opentelemetry-sdk-metrics-1.44.1.jar:/Users/00131018amirulhakim/.m2/repository/io/opentelemetry/opentelemetry-sdk-logs/1.44.1/opentelemetry-sdk-logs-1.44.1.jar:/Users/00131018amirulhakim/.m2/repository/org/seleniumhq/selenium/selenium-os/4.27.0/selenium-os-4.27.0.jar:/Users/00131018amirulhakim/.m2/repository/org/apache/commons/commons-exec/1.4.0/commons-exec-1.4.0.jar:/Users/00131018amirulhakim/.m2/repository/org/seleniumhq/selenium/selenium-safari-driver/4.27.0/selenium-safari-driver-4.27.0.jar:/Users/00131018amirulhakim/.m2/repository/org/seleniumhq/selenium/selenium-support/4.27.0/selenium-support-4.27.0.jar:/Users/00131018amirulhakim/.m2/repository/org/seleniumhq/selenium/selenium-chrome-driver/4.27.0/selenium-chrome-driver-4.27.0.jar:/Users/00131018amirulhakim/.m2/repository/com/google/auto/service/auto-service-annotations/1.1.1/auto-service-annotations-1.1.1.jar:/Users/00131018amirulhakim/.m2/repository/org/seleniumhq/selenium/selenium-chromium-driver/4.27.0/selenium-chromium-driver-4.27.0.jar:/Users/00131018amirulhakim/.m2/repository/org/seleniumhq/selenium/selenium-json/4.27.0/selenium-json-4.27.0.jar:/Users/00131018amirulhakim/.m2/repository/org/seleniumhq/selenium/selenium-manager/4.27.0/selenium-manager-4.27.0.jar:/Users/00131018amirulhakim/.m2/repository/io/github/bonigarcia/webdrivermanager/5.9.2/webdrivermanager-5.9.2.jar:/Users/00131018amirulhakim/.m2/repository/com/github/docker-java/docker-java/3.4.0/docker-java-3.4.0.jar:/Users/00131018amirulhakim/.m2/repository/com/github/docker-java/docker-java-core/3.4.0/docker-java-core-3.4.0.jar:/Users/00131018amirulhakim/.m2/repository/com/github/docker-java/docker-java-api/3.4.0/docker-java-api-3.4.0.jar:/Users/00131018amirulhakim/.m2/repository/com/fasterxml/jackson/core/jackson-annotations/2.10.3/jackson-annotations-2.10.3.jar:/Users/00131018amirulhakim/.m2/repository/com/fasterxml/jackson/core/jackson-databind/2.10.3/jackson-databind-2.10.3.jar:/Users/00131018amirulhakim/.m2/repository/com/fasterxml/jackson/core/jackson-core/2.10.3/jackson-core-2.10.3.jar:/Users/00131018amirulhakim/.m2/repository/org/slf4j/jcl-over-slf4j/1.7.30/jcl-over-slf4j-1.7.30.jar:/Users/00131018amirulhakim/.m2/repository/com/github/docker-java/docker-java-transport-httpclient5/3.4.0/docker-java-transport-httpclient5-3.4.0.jar:/Users/00131018amirulhakim/.m2/repository/com/github/docker-java/docker-java-transport/3.4.0/docker-java-transport-3.4.0.jar:/Users/00131018amirulhakim/.m2/repository/net/java/dev/jna/jna/5.13.0/jna-5.13.0.jar:/Users/00131018amirulhakim/.m2/repository/org/brotli/dec/0.1.2/dec-0.1.2.jar:/Users/00131018amirulhakim/.m2/repository/org/apache/commons/commons-lang3/3.15.0/commons-lang3-3.15.0.jar:/Users/00131018amirulhakim/.m2/repository/org/apache/httpcomponents/client5/httpclient5/5.2.1/httpclient5-5.2.1.jar:/Users/00131018amirulhakim/.m2/repository/org/apache/httpcomponents/core5/httpcore5/5.2/httpcore5-5.2.jar:/Users/00131018amirulhakim/.m2/repository/org/apache/httpcomponents/core5/httpcore5-h2/5.2/httpcore5-h2-5.2.jar:/Users/00131018amirulhakim/.m2/repository/org/slf4j/slf4j-api/1.7.36/slf4j-api-1.7.36.jar:/Users/00131018amirulhakim/.m2/repository/org/slf4j/slf4j-simple/1.7.36/slf4j-simple-1.7.36.jar:/Users/00131018amirulhakim/.m2/repository/org/testng/testng/7.10.1/testng-7.10.1.jar:/Users/00131018amirulhakim/.m2/repository/com/beust/jcommander/1.82/jcommander-1.82.jar:/Users/00131018amirulhakim/.m2/repository/org/webjars/jquery/3.7.1/jquery-3.7.1.jar:/Users/00131018amirulhakim/.m2/repository/io/appium/java-client/9.3.0/java-client-9.3.0.jar:/Users/00131018amirulhakim/.m2/repository/io/rest-assured/rest-assured/5.1.1/rest-assured-5.1.1.jar:/Users/00131018amirulhakim/.m2/repository/org/apache/groovy/groovy/4.0.1/groovy-4.0.1.jar:/Users/00131018amirulhakim/.m2/repository/org/apache/groovy/groovy-xml/4.0.1/groovy-xml-4.0.1.jar:/Users/00131018amirulhakim/.m2/repository/org/apache/httpcomponents/httpclient/4.5.13/httpclient-4.5.13.jar:/Users/00131018amirulhakim/.m2/repository/org/apache/httpcomponents/httpcore/4.4.13/httpcore-4.4.13.jar:/Users/00131018amirulhakim/.m2/repository/org/apache/httpcomponents/httpmime/4.5.13/httpmime-4.5.13.jar:/Users/00131018amirulhakim/.m2/repository/org/hamcrest/hamcrest/2.1/hamcrest-2.1.jar:/Users/00131018amirulhakim/.m2/repository/org/ccil/cowan/tagsoup/tagsoup/1.2.1/tagsoup-1.2.1.jar:/Users/00131018amirulhakim/.m2/repository/io/rest-assured/json-path/5.1.1/json-path-5.1.1.jar:/Users/00131018amirulhakim/.m2/repository/org/apache/groovy/groovy-json/4.0.1/groovy-json-4.0.1.jar:/Users/00131018amirulhakim/.m2/repository/io/rest-assured/rest-assured-common/5.1.1/rest-assured-common-5.1.1.jar:/Users/00131018amirulhakim/.m2/repository/io/rest-assured/xml-path/5.1.1/xml-path-5.1.1.jar:/Users/00131018amirulhakim/.m2/repository/com/googlecode/json-simple/json-simple/1.1.1/json-simple-1.1.1.jar:/Users/00131018amirulhakim/.m2/repository/org/reflections/reflections/0.9.12/reflections-0.9.12.jar:/Users/00131018amirulhakim/.m2/repository/org/javassist/javassist/3.26.0-GA/javassist-3.26.0-GA.jar:/Users/00131018amirulhakim/.m2/repository/net/bytebuddy/byte-buddy/1.15.10/byte-buddy-1.15.10.jar:/Users/00131018amirulhakim/.m2/repository/com/google/guava/guava/33.3.1-jre/guava-33.3.1-jre.jar:/Users/00131018amirulhakim/.m2/repository/com/google/guava/failureaccess/1.0.2/failureaccess-1.0.2.jar:/Users/00131018amirulhakim/.m2/repository/com/google/guava/listenablefuture/9999.0-empty-to-avoid-conflict-with-guava/listenablefuture-9999.0-empty-to-avoid-conflict-with-guava.jar:/Users/00131018amirulhakim/.m2/repository/com/google/code/findbugs/jsr305/3.0.2/jsr305-3.0.2.jar:/Users/00131018amirulhakim/.m2/repository/org/checkerframework/checker-qual/3.43.0/checker-qual-3.43.0.jar:/Users/00131018amirulhakim/.m2/repository/com/google/errorprone/error_prone_annotations/2.28.0/error_prone_annotations-2.28.0.jar:/Users/00131018amirulhakim/.m2/repository/com/google/j2objc/j2objc-annotations/3.0.0/j2objc-annotations-3.0.0.jar:"/>
    <property name="sun.cpu.endian" value="little"/>
    <property name="user.home" value="/Users/00131018amirulhakim"/>
    <property name="user.language" value="en"/>
    <property name="java.specification.vendor" value="Oracle Corporation"/>
    <property name="java.version.date" value="2021-01-19"/>
    <property name="java.home" value="/Library/Java/JavaVirtualMachines/jdk-15.0.2.jdk/Contents/Home"/>
    <property name="file.separator" value="/"/>
    <property name="basedir" value="/Users/00131018amirulhakim/Documents/com.test 2.framework"/>
    <property name="java.vm.compressedOopsMode" value="Zero based"/>
    <property name="line.separator" value="&#10;"/>
    <property name="java.vm.specification.vendor" value="Oracle Corporation"/>
    <property name="java.specification.name" value="Java Platform API Specification"/>
    <property name="surefire.real.class.path" value="/Users/00131018amirulhakim/Documents/com.test 2.framework/target/surefire/surefirebooter-20241210143703786_3.jar"/>
    <property name="sun.management.compiler" value="HotSpot 64-Bit Tiered Compilers"/>
    <property name="ftp.nonProxyHosts" value="local|*.local|169.254/16|*.169.254/16"/>
    <property name="java.runtime.version" value="15.0.2+7-27"/>
    <property name="user.name" value="00131018amirulhakim"/>
    <property name="path.separator" value=":"/>
    <property name="os.version" value="10.16"/>
    <property name="java.runtime.name" value="Java(TM) SE Runtime Environment"/>
    <property name="file.encoding" value="UTF-8"/>
    <property name="java.vm.name" value="Java HotSpot(TM) 64-Bit Server VM"/>
    <property name="localRepository" value="/Users/00131018amirulhakim/.m2/repository"/>
    <property name="java.vendor.url.bug" value="https://bugreport.java.com/bugreport/"/>
    <property name="java.io.tmpdir" value="/var/folders/nt/d7wk43dj5md0gk4y6_3xw01h0000gn/T/"/>
    <property name="java.version" value="15.0.2"/>
    <property name="cucumber.filter.tags" value="@Test1"/>
    <property name="user.dir" value="/Users/00131018amirulhakim/Documents/com.test 2.framework"/>
    <property name="os.arch" value="x86_64"/>
    <property name="java.vm.specification.name" value="Java Virtual Machine Specification"/>
    <property name="java.library.path" value="/Users/00131018amirulhakim/Library/Java/Extensions:/Library/Java/Extensions:/Network/Library/Java/Extensions:/System/Library/Java/Extensions:/usr/lib/java:."/>
    <property name="java.vm.info" value="mixed mode, sharing"/>
    <property name="java.vendor" value="Oracle Corporation"/>
    <property name="java.vm.version" value="15.0.2+7-27"/>
    <property name="sun.io.unicode.encoding" value="UnicodeBig"/>
    <property name="socksNonProxyHosts" value="local|*.local|169.254/16|*.169.254/16"/>
    <property name="java.class.version" value="59.0"/>
  </properties>
  <testcase name="runScenario[&quot;Verify notepad in mobile is able to write&quot;, &quot;Optional[Demo Feature]&quot;](2)" classname="builds.main.CucumberRun$TestRunner" time="21.795">
    <failure message="Could not start a new session. Response code 500. Message: An unknown server-side error occurred while processing the command. Original error: Could not find a connected Android device in 20097ms. &#10;Host info: host: &apos;00131018s-MacBook-Pro.local&apos;, ip: &apos;2001:d08:d4:8a64:4969:4d39:a596:c8a0%en0&apos;&#10;Build info: version: &apos;4.27.0&apos;, revision: &apos;d6e718d134&apos;&#10;System info: os.name: &apos;Mac OS X&apos;, os.arch: &apos;x86_64&apos;, os.version: &apos;10.16&apos;, java.version: &apos;15.0.2&apos;&#10;Driver info: io.appium.java_client.android.AndroidDriver&#10;Command: [null, newSession {capabilities=[Capabilities {appium:app: /Users/00131018amirulhakim/..., appium:appActivity: com.atomczak.notepat.MainAc..., appium:appPackage: com.atomczak.notepat, appium:automationName: uiautomator2, appium:fullReset: true, appium:newCommandTimeout: 300, appium:noReset: false, appium:resetKeyboard: true, appium:udid: emulator-5554, appium:uiautomator2ServerLaunchTimeout: 300000, appium:unicodeKeyboard: true, platformName: ANDROID}]}]&#10;Capabilities {appium:app: /Users/00131018amirulhakim/..., appium:appActivity: com.atomczak.notepat.MainAc..., appium:appPackage: com.atomczak.notepat, appium:automationName: uiautomator2, appium:fullReset: true, appium:newCommandTimeout: 300, appium:noReset: false, appium:resetKeyboard: true, appium:udid: emulator-5554, appium:uiautomator2ServerLaunchTimeout: 300000, appium:unicodeKeyboard: true, platformName: ANDROID}" type="org.openqa.selenium.SessionNotCreatedException"><![CDATA[org.openqa.selenium.SessionNotCreatedException: 
Could not start a new session. Response code 500. Message: An unknown server-side error occurred while processing the command. Original error: Could not find a connected Android device in 20097ms. 
Host info: host: '00131018s-MacBook-Pro.local', ip: '2001:d08:d4:8a64:4969:4d39:a596:c8a0%en0'
Build info: version: '4.27.0', revision: 'd6e718d134'
System info: os.name: 'Mac OS X', os.arch: 'x86_64', os.version: '10.16', java.version: '15.0.2'
Driver info: io.appium.java_client.android.AndroidDriver
Command: [null, newSession {capabilities=[Capabilities {appium:app: /Users/00131018amirulhakim/..., appium:appActivity: com.atomczak.notepat.MainAc..., appium:appPackage: com.atomczak.notepat, appium:automationName: uiautomator2, appium:fullReset: true, appium:newCommandTimeout: 300, appium:noReset: false, appium:resetKeyboard: true, appium:udid: emulator-5554, appium:uiautomator2ServerLaunchTimeout: 300000, appium:unicodeKeyboard: true, platformName: ANDROID}]}]
Capabilities {appium:app: /Users/00131018amirulhakim/..., appium:appActivity: com.atomczak.notepat.MainAc..., appium:appPackage: com.atomczak.notepat, appium:automationName: uiautomator2, appium:fullReset: true, appium:newCommandTimeout: 300, appium:noReset: false, appium:resetKeyboard: true, appium:udid: emulator-5554, appium:uiautomator2ServerLaunchTimeout: 300000, appium:unicodeKeyboard: true, platformName: ANDROID}
	at org.openqa.selenium.remote.ProtocolHandshake.createSession(ProtocolHandshake.java:114)
	at org.openqa.selenium.remote.ProtocolHandshake.createSession(ProtocolHandshake.java:75)
	at org.openqa.selenium.remote.ProtocolHandshake.createSession(ProtocolHandshake.java:61)
	at io.appium.java_client.remote.AppiumCommandExecutor.createSession(AppiumCommandExecutor.java:176)
	at io.appium.java_client.remote.AppiumCommandExecutor.execute(AppiumCommandExecutor.java:237)
	at org.openqa.selenium.remote.RemoteWebDriver.execute(RemoteWebDriver.java:545)
	at io.appium.java_client.AppiumDriver.startSession(AppiumDriver.java:270)
	at org.openqa.selenium.remote.RemoteWebDriver.<init>(RemoteWebDriver.java:174)
	at io.appium.java_client.AppiumDriver.<init>(AppiumDriver.java:91)
	at io.appium.java_client.AppiumDriver.<init>(AppiumDriver.java:103)
	at io.appium.java_client.android.AndroidDriver.<init>(AndroidDriver.java:109)
	at builds.utilities.BaseTest.androidSetup(BaseTest.java:83)
	at workDirectory.stepDefinitions.NotePadStepDefinitions.NotePadStepDefinitions(NotePadStepDefinitions.java:27)
	at ✽.launch the mobile apps and open notepad(file:///Users/00131018amirulhakim/Documents/com.test%202.framework/src/test/resources/features/Demo%20Features/Demo.feature:18)
]]></failure>
    <system-err><![CDATA[[TestNG-PoolService-5] WARN io.github.bonigarcia.wdm.WebDriverManager - Exception deleting driver cache at /Users/00131018amirulhakim/.cache/selenium
org.apache.commons.io.IOExceptionList: 1 exception(s): [org.apache.commons.io.IOIndexedException: IOException #1: Cannot delete file: /Users/00131018amirulhakim/.cache/selenium/chromedriver]
	at org.apache.commons.io.IOExceptionList.checkEmpty(IOExceptionList.java:50)
	at org.apache.commons.io.function.IOStream.forAll(IOStream.java:359)
	at org.apache.commons.io.function.IOStreams.forAll(IOStreams.java:42)
	at org.apache.commons.io.function.IOStreams.forAll(IOStreams.java:36)
	at org.apache.commons.io.function.IOConsumer.forAll(IOConsumer.java:80)
	at org.apache.commons.io.FileUtils.cleanDirectory(FileUtils.java:365)
	at io.github.bonigarcia.wdm.WebDriverManager.clearDriverCache(WebDriverManager.java:825)
	at builds.utilities.BaseTest.browserSetup(BaseTest.java:23)
	at workDirectory.stepDefinitions.GooglePageStepDefinition.launchTheBrowserAndNavigateToGooglePage(GooglePageStepDefinition.java:15)
	at java.base/jdk.internal.reflect.NativeMethodAccessorImpl.invoke0(Native Method)
	at java.base/jdk.internal.reflect.NativeMethodAccessorImpl.invoke(NativeMethodAccessorImpl.java:64)
	at java.base/jdk.internal.reflect.DelegatingMethodAccessorImpl.invoke(DelegatingMethodAccessorImpl.java:43)
	at java.base/java.lang.reflect.Method.invoke(Method.java:564)
	at io.cucumber.java.Invoker.doInvoke(Invoker.java:66)
	at io.cucumber.java.Invoker.invoke(Invoker.java:24)
	at io.cucumber.java.AbstractGlueDefinition.invokeMethod(AbstractGlueDefinition.java:47)
	at io.cucumber.java.JavaStepDefinition.execute(JavaStepDefinition.java:29)
	at io.cucumber.core.runner.CoreStepDefinition.execute(CoreStepDefinition.java:66)
	at io.cucumber.core.runner.PickleStepDefinitionMatch.runStep(PickleStepDefinitionMatch.java:63)
	at io.cucumber.core.runner.ExecutionMode$1.execute(ExecutionMode.java:10)
	at io.cucumber.core.runner.TestStep.executeStep(TestStep.java:86)
	at io.cucumber.core.runner.TestStep.run(TestStep.java:57)
	at io.cucumber.core.runner.PickleStepTestStep.run(PickleStepTestStep.java:51)
	at io.cucumber.core.runner.TestCase.run(TestCase.java:95)
	at io.cucumber.core.runner.Runner.runPickle(Runner.java:75)
	at io.cucumber.testng.TestNGCucumberRunner.lambda$runScenario$1(TestNGCucumberRunner.java:132)
	at io.cucumber.core.runtime.CucumberExecutionContext.lambda$runTestCase$3(CucumberExecutionContext.java:151)
	at io.cucumber.core.runtime.RethrowingThrowableCollector.executeAndThrow(RethrowingThrowableCollector.java:23)
	at io.cucumber.core.runtime.CucumberExecutionContext.runTestCase(CucumberExecutionContext.java:151)
	at io.cucumber.testng.TestNGCucumberRunner.runScenario(TestNGCucumberRunner.java:129)
	at io.cucumber.testng.AbstractTestNGCucumberTests.runScenario(AbstractTestNGCucumberTests.java:35)
	at java.base/jdk.internal.reflect.NativeMethodAccessorImpl.invoke0(Native Method)
	at java.base/jdk.internal.reflect.NativeMethodAccessorImpl.invoke(NativeMethodAccessorImpl.java:64)
	at java.base/jdk.internal.reflect.DelegatingMethodAccessorImpl.invoke(DelegatingMethodAccessorImpl.java:43)
	at java.base/java.lang.reflect.Method.invoke(Method.java:564)
	at org.testng.internal.invokers.MethodInvocationHelper.invokeMethod(MethodInvocationHelper.java:141)
	at org.testng.internal.invokers.TestInvoker.invokeMethod(TestInvoker.java:686)
	at org.testng.internal.invokers.TestInvoker.invokeTestMethod(TestInvoker.java:230)
	at org.testng.internal.invokers.TestMethodWithDataProviderMethodWorker.call(TestMethodWithDataProviderMethodWorker.java:81)
	at org.testng.internal.thread.Async$AsyncTask.run(Async.java:34)
	at java.base/java.util.concurrent.ThreadPoolExecutor.runWorker(ThreadPoolExecutor.java:1130)
	at java.base/java.util.concurrent.ThreadPoolExecutor$Worker.run(ThreadPoolExecutor.java:630)
	at java.base/java.lang.Thread.run(Thread.java:832)
Caused by: org.apache.commons.io.IOIndexedException: IOException #1: Cannot delete file: /Users/00131018amirulhakim/.cache/selenium/chromedriver
	at org.apache.commons.io.function.IOStream.lambda$forAll$11(IOStream.java:354)
	at java.base/java.util.Spliterators$ArraySpliterator.forEachRemaining(Spliterators.java:948)
	at java.base/java.util.stream.ReferencePipeline$Head.forEach(ReferencePipeline.java:658)
	at org.apache.commons.io.function.IOStream.forAll(IOStream.java:345)
	... 41 more
Caused by: java.io.IOException: Cannot delete file: /Users/00131018amirulhakim/.cache/selenium/chromedriver
	at org.apache.commons.io.FileUtils.forceDelete(FileUtils.java:1390)
	at org.apache.commons.io.function.IOStream.lambda$forAll$11(IOStream.java:347)
	... 44 more
Caused by: java.nio.file.NoSuchFileException: /Users/00131018amirulhakim/.cache/selenium/chromedriver/mac-arm64/131.0.6778.87
	at java.base/sun.nio.fs.UnixException.translateToIOException(UnixException.java:92)
	at java.base/sun.nio.fs.UnixException.rethrowAsIOException(UnixException.java:106)
	at java.base/sun.nio.fs.UnixException.rethrowAsIOException(UnixException.java:111)
	at java.base/sun.nio.fs.UnixFileSystemProvider.newDirectoryStream(UnixFileSystemProvider.java:411)
	at java.base/java.nio.file.Files.newDirectoryStream(Files.java:476)
	at org.apache.commons.io.file.PathUtils.isEmptyDirectory(PathUtils.java:1076)
	at org.apache.commons.io.file.DeletingPathVisitor.postVisitDirectory(DeletingPathVisitor.java:139)
	at org.apache.commons.io.file.DeletingPathVisitor.postVisitDirectory(DeletingPathVisitor.java:37)
	at java.base/java.nio.file.Files.walkFileTree(Files.java:2822)
	at java.base/java.nio.file.Files.walkFileTree(Files.java:2876)
	at org.apache.commons.io.file.PathUtils.visitFileTree(PathUtils.java:1730)
	at org.apache.commons.io.file.PathUtils.deleteDirectory(PathUtils.java:518)
	at org.apache.commons.io.file.PathUtils.delete(PathUtils.java:477)
	at org.apache.commons.io.FileUtils.forceDelete(FileUtils.java:1386)
	... 45 more
]]></system-err>
  </testcase>
  <testcase name="runScenario[&quot;Verify notepad in mobile is able to write&quot;, &quot;Optional[Demo Feature]&quot;](2)" classname="builds.main.CucumberRun$TestRunner" time="21.798">
    <failure message="Could not start a new session. Response code 500. Message: An unknown server-side error occurred while processing the command. Original error: Could not find a connected Android device in 20064ms. &#10;Host info: host: &apos;00131018s-MacBook-Pro.local&apos;, ip: &apos;2001:d08:d4:8a64:4969:4d39:a596:c8a0%en0&apos;&#10;Build info: version: &apos;4.27.0&apos;, revision: &apos;d6e718d134&apos;&#10;System info: os.name: &apos;Mac OS X&apos;, os.arch: &apos;x86_64&apos;, os.version: &apos;10.16&apos;, java.version: &apos;15.0.2&apos;&#10;Driver info: io.appium.java_client.android.AndroidDriver&#10;Command: [null, newSession {capabilities=[Capabilities {appium:app: /Users/00131018amirulhakim/..., appium:appActivity: com.atomczak.notepat.MainAc..., appium:appPackage: com.atomczak.notepat, appium:automationName: uiautomator2, appium:fullReset: true, appium:newCommandTimeout: 300, appium:noReset: false, appium:resetKeyboard: true, appium:udid: emulator-5554, appium:uiautomator2ServerLaunchTimeout: 300000, appium:unicodeKeyboard: true, platformName: ANDROID}]}]&#10;Capabilities {appium:app: /Users/00131018amirulhakim/..., appium:appActivity: com.atomczak.notepat.MainAc..., appium:appPackage: com.atomczak.notepat, appium:automationName: uiautomator2, appium:fullReset: true, appium:newCommandTimeout: 300, appium:noReset: false, appium:resetKeyboard: true, appium:udid: emulator-5554, appium:uiautomator2ServerLaunchTimeout: 300000, appium:unicodeKeyboard: true, platformName: ANDROID}" type="org.openqa.selenium.SessionNotCreatedException"><![CDATA[org.openqa.selenium.SessionNotCreatedException: 
Could not start a new session. Response code 500. Message: An unknown server-side error occurred while processing the command. Original error: Could not find a connected Android device in 20064ms. 
Host info: host: '00131018s-MacBook-Pro.local', ip: '2001:d08:d4:8a64:4969:4d39:a596:c8a0%en0'
Build info: version: '4.27.0', revision: 'd6e718d134'
System info: os.name: 'Mac OS X', os.arch: 'x86_64', os.version: '10.16', java.version: '15.0.2'
Driver info: io.appium.java_client.android.AndroidDriver
Command: [null, newSession {capabilities=[Capabilities {appium:app: /Users/00131018amirulhakim/..., appium:appActivity: com.atomczak.notepat.MainAc..., appium:appPackage: com.atomczak.notepat, appium:automationName: uiautomator2, appium:fullReset: true, appium:newCommandTimeout: 300, appium:noReset: false, appium:resetKeyboard: true, appium:udid: emulator-5554, appium:uiautomator2ServerLaunchTimeout: 300000, appium:unicodeKeyboard: true, platformName: ANDROID}]}]
Capabilities {appium:app: /Users/00131018amirulhakim/..., appium:appActivity: com.atomczak.notepat.MainAc..., appium:appPackage: com.atomczak.notepat, appium:automationName: uiautomator2, appium:fullReset: true, appium:newCommandTimeout: 300, appium:noReset: false, appium:resetKeyboard: true, appium:udid: emulator-5554, appium:uiautomator2ServerLaunchTimeout: 300000, appium:unicodeKeyboard: true, platformName: ANDROID}
	at org.openqa.selenium.remote.ProtocolHandshake.createSession(ProtocolHandshake.java:114)
	at org.openqa.selenium.remote.ProtocolHandshake.createSession(ProtocolHandshake.java:75)
	at org.openqa.selenium.remote.ProtocolHandshake.createSession(ProtocolHandshake.java:61)
	at io.appium.java_client.remote.AppiumCommandExecutor.createSession(AppiumCommandExecutor.java:176)
	at io.appium.java_client.remote.AppiumCommandExecutor.execute(AppiumCommandExecutor.java:237)
	at org.openqa.selenium.remote.RemoteWebDriver.execute(RemoteWebDriver.java:545)
	at io.appium.java_client.AppiumDriver.startSession(AppiumDriver.java:270)
	at org.openqa.selenium.remote.RemoteWebDriver.<init>(RemoteWebDriver.java:174)
	at io.appium.java_client.AppiumDriver.<init>(AppiumDriver.java:91)
	at io.appium.java_client.AppiumDriver.<init>(AppiumDriver.java:103)
	at io.appium.java_client.android.AndroidDriver.<init>(AndroidDriver.java:109)
	at builds.utilities.BaseTest.androidSetup(BaseTest.java:83)
	at workDirectory.stepDefinitions.NotePadStepDefinitions.NotePadStepDefinitions(NotePadStepDefinitions.java:27)
	at ✽.launch the mobile apps and open notepad(file:///Users/00131018amirulhakim/Documents/com.test%202.framework/src/test/resources/features/Demo%20Features/Demo.feature:32)
]]></failure>
  </testcase>
  <testcase name="runScenario[&quot;Verify Statistics section in web browser&quot;, &quot;Optional[Demo Feature]&quot;](3)" classname="builds.main.CucumberRun$TestRunner" time="104.647">
    <failure message="expected [covid-19 stats malaysia - Google Search] but found [covid-19 stats malaysiacovid-19 stats malaysia - Google Search]" type="java.lang.AssertionError"><![CDATA[java.lang.AssertionError: expected [covid-19 stats malaysia - Google Search] but found [covid-19 stats malaysiacovid-19 stats malaysia - Google Search]
	at org.testng.Assert.fail(Assert.java:111)
	at org.testng.Assert.failNotEquals(Assert.java:1578)
	at org.testng.Assert.assertEqualsImpl(Assert.java:150)
	at org.testng.Assert.assertEquals(Assert.java:132)
	at org.testng.Assert.assertEquals(Assert.java:656)
	at org.testng.Assert.assertEquals(Assert.java:666)
	at builds.actions.BrowserActions.assertPageTitle(BrowserActions.java:139)
	at workDirectory.stepDefinitions.GooglePageStepDefinition.assertPageTitleIs(GooglePageStepDefinition.java:32)
	at ✽.assert page title is "covid-19 stats malaysia - Google Search"(file:///Users/00131018amirulhakim/Documents/com.test%202.framework/src/test/resources/features/Demo%20Features/Demo.feature:8)
]]></failure>
    <system-err><![CDATA[[TestNG-PoolService-1] INFO io.github.bonigarcia.wdm.WebDriverManager - Using chromedriver 131.0.6778.87 (resolved driver for Chrome 131)
[TestNG-PoolService-5] INFO io.github.bonigarcia.wdm.WebDriverManager - Using chromedriver 131.0.6778.87 (resolved driver for Chrome 131)
[TestNG-PoolService-5] INFO io.github.bonigarcia.wdm.online.Downloader - Downloading https://storage.googleapis.com/chrome-for-testing-public/131.0.6778.87/mac-x64/chromedriver-mac-x64.zip
[TestNG-PoolService-1] INFO io.github.bonigarcia.wdm.online.Downloader - Downloading https://storage.googleapis.com/chrome-for-testing-public/131.0.6778.87/mac-x64/chromedriver-mac-x64.zip
[TestNG-PoolService-1] INFO io.github.bonigarcia.wdm.online.Downloader - Extracting driver from compressed file chromedriver-mac-x64.zip
[TestNG-PoolService-1] INFO io.github.bonigarcia.wdm.WebDriverManager - Exporting webdriver.chrome.driver as /Users/00131018amirulhakim/.cache/selenium/chromedriver/mac64/131.0.6778.87/chromedriver
[TestNG-PoolService-5] INFO io.github.bonigarcia.wdm.online.Downloader - Extracting driver from compressed file chromedriver-mac-x64.zip
[TestNG-PoolService-5] INFO io.github.bonigarcia.wdm.WebDriverManager - Exporting webdriver.chrome.driver as /Users/00131018amirulhakim/.cache/selenium/chromedriver/mac64/131.0.6778.87/chromedriver
[TestNG-PoolService-5] INFO org.reflections.Reflections - Reflections took 49 ms to scan 1 urls, producing 1 keys and 3 values 
[TestNG-PoolService-1] INFO org.reflections.Reflections - Reflections took 49 ms to scan 1 urls, producing 1 keys and 3 values 
[TestNG-PoolService-2] INFO org.reflections.Reflections - Reflections took 18 ms to scan 1 urls, producing 1 keys and 3 values 
]]></system-err>
  </testcase>
  <testcase name="runScenario[&quot;Verify Browser &amp; App Login&quot;, &quot;Optional[Demo Feature]&quot;](4)" classname="builds.main.CucumberRun$TestRunner" time="105.669">
    <failure message="expected [covid-19 stats malaysia - Google Search] but found [covid-19 stats malaysiacovid-19 stats malaysia - Google Search]" type="java.lang.AssertionError"><![CDATA[java.lang.AssertionError: expected [covid-19 stats malaysia - Google Search] but found [covid-19 stats malaysiacovid-19 stats malaysia - Google Search]
	at org.testng.Assert.fail(Assert.java:111)
	at org.testng.Assert.failNotEquals(Assert.java:1578)
	at org.testng.Assert.assertEqualsImpl(Assert.java:150)
	at org.testng.Assert.assertEquals(Assert.java:132)
	at org.testng.Assert.assertEquals(Assert.java:656)
	at org.testng.Assert.assertEquals(Assert.java:666)
	at builds.actions.BrowserActions.assertPageTitle(BrowserActions.java:139)
	at workDirectory.stepDefinitions.GooglePageStepDefinition.assertPageTitleIs(GooglePageStepDefinition.java:32)
	at ✽.assert page title is "covid-19 stats malaysia - Google Search"(file:///Users/00131018amirulhakim/Documents/com.test%202.framework/src/test/resources/features/Demo%20Features/Demo.feature:48)
]]></failure>
  </testcase>
  <testcase name="runScenario[&quot;To Test IOS Simulator with Page Factory Approach&quot;, &quot;Optional[Demo Feature]&quot;](5)" classname="builds.main.CucumberRun$TestRunner" time="117.422">
    <failure message="Expected condition failed: waiting for visibility of Located by By.chained({By.xpath: //XCUIElementTypeButton[@name=&quot;Allow While Using App&quot;]}) (tried for 30 second(s) with 500 milliseconds interval)" type="org.openqa.selenium.TimeoutException"><![CDATA[org.openqa.selenium.TimeoutException: Expected condition failed: waiting for visibility of Located by By.chained({By.xpath: //XCUIElementTypeButton[@name="Allow While Using App"]}) (tried for 30 second(s) with 500 milliseconds interval)
	at org.openqa.selenium.support.ui.WebDriverWait.timeoutException(WebDriverWait.java:84)
	at org.openqa.selenium.support.ui.FluentWait.until(FluentWait.java:228)
	at builds.actions.MobileActions.waitElement(MobileActions.java:76)
	at builds.actions.MobileActions.click(MobileActions.java:34)
	at workDirectory.stepDefinitions.NotePadStepDefinitions.clickAllowAccess(NotePadStepDefinitions.java:95)
	at ✽.click Allow Access(file:///Users/00131018amirulhakim/Documents/com.test%202.framework/src/test/resources/features/Demo%20Features/Demo.feature:14)
Caused by: org.openqa.selenium.NoSuchElementException: Can't locate an element by this strategy: By.chained({By.xpath: //XCUIElementTypeButton[@name="Allow While Using App"]})
	at io.appium.java_client.pagefactory.AppiumElementLocator.findElement(AppiumElementLocator.java:166)
	at io.appium.java_client.pagefactory.interceptors.InterceptorOfASingleElement.call(InterceptorOfASingleElement.java:75)
	at io.appium.java_client.proxy.Interceptor.intercept(Interceptor.java:78)
	at org.openqa.selenium.remote.RemoteWebElement$ByteBuddy$0jVDhYtk.isDisplayed(Unknown Source)
	at org.openqa.selenium.support.ui.ExpectedConditions.elementIfVisible(ExpectedConditions.java:304)
	at org.openqa.selenium.support.ui.ExpectedConditions$10.apply(ExpectedConditions.java:290)
	at org.openqa.selenium.support.ui.ExpectedConditions$10.apply(ExpectedConditions.java:287)
	at org.openqa.selenium.support.ui.FluentWait.until(FluentWait.java:203)
	at builds.actions.MobileActions.waitElement(MobileActions.java:76)
	at builds.actions.MobileActions.click(MobileActions.java:34)
	at workDirectory.stepDefinitions.NotePadStepDefinitions.clickAllowAccess(NotePadStepDefinitions.java:95)
	at java.base/jdk.internal.reflect.NativeMethodAccessorImpl.invoke0(Native Method)
	at java.base/jdk.internal.reflect.NativeMethodAccessorImpl.invoke(NativeMethodAccessorImpl.java:64)
	at java.base/jdk.internal.reflect.DelegatingMethodAccessorImpl.invoke(DelegatingMethodAccessorImpl.java:43)
	at java.base/java.lang.reflect.Method.invoke(Method.java:564)
	at io.cucumber.java.Invoker.doInvoke(Invoker.java:66)
	at io.cucumber.java.Invoker.invoke(Invoker.java:24)
	at io.cucumber.java.AbstractGlueDefinition.invokeMethod(AbstractGlueDefinition.java:47)
	at io.cucumber.java.JavaStepDefinition.execute(JavaStepDefinition.java:29)
	at io.cucumber.core.runner.CoreStepDefinition.execute(CoreStepDefinition.java:66)
	at io.cucumber.core.runner.PickleStepDefinitionMatch.runStep(PickleStepDefinitionMatch.java:63)
	at io.cucumber.core.runner.ExecutionMode$1.execute(ExecutionMode.java:10)
	at io.cucumber.core.runner.TestStep.executeStep(TestStep.java:86)
	at io.cucumber.core.runner.TestStep.run(TestStep.java:57)
	at io.cucumber.core.runner.PickleStepTestStep.run(PickleStepTestStep.java:51)
	at io.cucumber.core.runner.TestCase.run(TestCase.java:95)
	at io.cucumber.core.runner.Runner.runPickle(Runner.java:75)
	at io.cucumber.testng.TestNGCucumberRunner.lambda$runScenario$1(TestNGCucumberRunner.java:132)
	at io.cucumber.core.runtime.CucumberExecutionContext.lambda$runTestCase$3(CucumberExecutionContext.java:151)
	at io.cucumber.core.runtime.RethrowingThrowableCollector.executeAndThrow(RethrowingThrowableCollector.java:23)
	at io.cucumber.core.runtime.CucumberExecutionContext.runTestCase(CucumberExecutionContext.java:151)
	at io.cucumber.testng.TestNGCucumberRunner.runScenario(TestNGCucumberRunner.java:129)
	at io.cucumber.testng.AbstractTestNGCucumberTests.runScenario(AbstractTestNGCucumberTests.java:35)
	at java.base/jdk.internal.reflect.NativeMethodAccessorImpl.invoke0(Native Method)
	at java.base/jdk.internal.reflect.NativeMethodAccessorImpl.invoke(NativeMethodAccessorImpl.java:64)
	at java.base/jdk.internal.reflect.DelegatingMethodAccessorImpl.invoke(DelegatingMethodAccessorImpl.java:43)
	at java.base/java.lang.reflect.Method.invoke(Method.java:564)
	at org.testng.internal.invokers.MethodInvocationHelper.invokeMethod(MethodInvocationHelper.java:141)
	at org.testng.internal.invokers.TestInvoker.invokeMethod(TestInvoker.java:686)
	at org.testng.internal.invokers.TestInvoker.invokeTestMethod(TestInvoker.java:230)
	at org.testng.internal.invokers.TestMethodWithDataProviderMethodWorker.call(TestMethodWithDataProviderMethodWorker.java:81)
	at org.testng.internal.thread.Async$AsyncTask.run(Async.java:34)
	at java.base/java.util.concurrent.ThreadPoolExecutor.runWorker(ThreadPoolExecutor.java:1130)
	at java.base/java.util.concurrent.ThreadPoolExecutor$Worker.run(ThreadPoolExecutor.java:630)
	at java.base/java.lang.Thread.run(Thread.java:832)
Caused by: org.openqa.selenium.TimeoutException: Expected condition failed: waiting for io.appium.java_client.pagefactory.AppiumElementLocator$WaitingFunction@24eff323 (tried for 30 second(s) with 500 milliseconds interval)
	at org.openqa.selenium.support.ui.FluentWait.timeoutException(FluentWait.java:265)
	at org.openqa.selenium.support.ui.FluentWait.until(FluentWait.java:228)
	at io.appium.java_client.pagefactory.AppiumElementLocator.waitFor(AppiumElementLocator.java:135)
	at io.appium.java_client.pagefactory.AppiumElementLocator.findElement(AppiumElementLocator.java:160)
	... 44 more
Caused by: org.openqa.selenium.NoSuchElementException: Cannot locate an element using By.chained({By.xpath: //XCUIElementTypeButton[@name="Allow While Using App"]})
For documentation on this error, please visit: https://www.selenium.dev/documentation/webdriver/troubleshooting/errors#no-such-element-exception
Build info: version: '4.27.0', revision: 'd6e718d134'
System info: os.name: 'Mac OS X', os.arch: 'x86_64', os.version: '10.16', java.version: '15.0.2'
Driver info: driver.version: RemoteWebDriver
	at io.appium.java_client.pagefactory.bys.builder.ByChained.findElement(ByChained.java:74)
	at org.openqa.selenium.remote.ElementLocation$ElementFinder$1.findElement(ElementLocation.java:139)
	at org.openqa.selenium.remote.ElementLocation.findElement(ElementLocation.java:59)
	at org.openqa.selenium.remote.RemoteWebDriver.findElement(RemoteWebDriver.java:368)
	at org.openqa.selenium.remote.RemoteWebDriver.findElement(RemoteWebDriver.java:362)
	at io.appium.java_client.pagefactory.bys.ContentMappedBy.findElement(ContentMappedBy.java:54)
	at org.openqa.selenium.remote.ElementLocation$ElementFinder$1.findElement(ElementLocation.java:139)
	at org.openqa.selenium.remote.ElementLocation.findElement(ElementLocation.java:59)
	at org.openqa.selenium.remote.RemoteWebDriver.findElement(RemoteWebDriver.java:368)
	at org.openqa.selenium.remote.RemoteWebDriver.findElement(RemoteWebDriver.java:362)
	at io.appium.java_client.pagefactory.AppiumElementLocator.lambda$findElement$1(AppiumElementLocator.java:160)
	at io.appium.java_client.pagefactory.AppiumElementLocator$WaitingFunction.apply(AppiumElementLocator.java:217)
	at io.appium.java_client.pagefactory.AppiumElementLocator$WaitingFunction.apply(AppiumElementLocator.java:210)
	at org.openqa.selenium.support.ui.FluentWait.until(FluentWait.java:203)
	... 46 more
]]></failure>
  </testcase>
</testsuite>