




<!DOCTYPE html>
<html>
<head>
	<meta charset='UTF-8' /> 
	<meta name='description' content='' />
	<meta name='robots' content='noodp, noydir' />
	<meta name='viewport' content='width=device-width, initial-scale=1' />
	<meta id="timeStampFormat" name="timeStampFormat" content='MMM dd, yyyy HH:mm:ss'/>
	
        <link href='https://fonts.googleapis.com/css?family=Source+Sans+Pro:400,600' rel='stylesheet' type='text/css' />
        <link href="https://fonts.googleapis.com/icon?family=Material+Icons" rel="stylesheet" />
        <link href='https://cdn.jsdelivr.net/gh/extent-framework/extent-github-cdn@ff53917fbbdb5ef820abbbe4d199a6942dc771ff/v3html/css/extent.css' type='text/css' rel='stylesheet' />
	
	<title>Extent Report</title>

	<style type='text/css'>
		/* json-tree */
		.jstBracket,.jstComma,.jstValue{white-space:pre-wrap}.jstValue{font-size:10px;font-weight:400;font-family:"Lucida Console",Monaco,monospace}.jstProperty{color:#666;word-wrap:break-word}.jstBool{color:#2525CC}.jstNum{color:#D036D0}.jstNull{color:gray}.jstStr{color:#2DB669}.jstFold:after{content:' -';cursor:pointer}.jstExpand{white-space:normal}.jstExpand:after{content:' +';cursor:pointer}.jstFolded{white-space:normal!important}.jstHiddenBlock{display:none}
			
	</style>
	
	<script type="text/javascript">
		/*! json-tree - v0.2.2 - 2017-09-25, MIT LICENSE */
		var JSONTree=function(){var n={"&":"&amp;","<":"&lt;",">":"&gt;",'"':"&quot;","'":"&#x27;","/":"&#x2F;"},t=0,r=0;this.create=function(n,t){return r+=1,N(u(n,0,!1),{class:"jstValue"})};var e=function(t){return t.replace(/[&<>'"]/g,function(t){return n[t]})},s=function(){return r+"_"+t++},u=function(n,t,r){if(null===n)return f(r?t:0);switch(typeof n){case"boolean":return l(n,r?t:0);case"number":return i(n,r?t:0);case"string":return o(n,r?t:0);default:return n instanceof Array?a(n,t,r):c(n,t,r)}},c=function(n,t,r){var e=s(),u=Object.keys(n).map(function(r){return j(r,n[r],t+1,!0)}).join(m()),c=[g("{",r?t:0,e),N(u,{id:e}),p("}",t)].join("\n");return N(c,{})},a=function(n,t,r){var e=s(),c=n.map(function(n){return u(n,t+1,!0)}).join(m());return[g("[",r?t:0,e),N(c,{id:e}),p("]",t)].join("\n")},o=function(n,t){var r=e(JSON.stringify(n));return N(v(r,t),{class:"jstStr"})},i=function(n,t){return N(v(n,t),{class:"jstNum"})},l=function(n,t){return N(v(n,t),{class:"jstBool"})},f=function(n){return N(v("null",n),{class:"jstNull"})},j=function(n,t,r){var s=v(e(JSON.stringify(n))+": ",r),c=N(u(t,r,!1),{});return N(s+c,{class:"jstProperty"})},m=function(){return N(",\n",{class:"jstComma"})},N=function(n,t){return d("span",t,n)},d=function(n,t,r){return"<"+n+Object.keys(t).map(function(n){return" "+n+'="'+t[n]+'"'}).join("")+">"+r+"</"+n+">"},g=function(n,t,r){return N(v(n,t),{class:"jstBracket"})+N("",{class:"jstFold",onclick:"JSONTree.toggle('"+r+"')"})};this.toggle=function(n){var t=document.getElementById(n),r=t.parentNode,e=t.previousElementSibling;""===t.className?(t.className="jstHiddenBlock",r.className="jstFolded",e.className="jstExpand"):(t.className="",r.className="",e.className="jstFold")};var p=function(n,t){return N(v(n,t),{})},v=function(n,t){return Array(2*t+1).join(" ")+n};return this}();
	</script>
</head>
	<body class='extent standard default hide-overflow bdd-report'>
		<div id='theme-selector' alt='Click to toggle theme. To enable by default, use theme configuration.' title='Click to toggle theme. To enable by default, use theme configuration.'>
			<span><i class='material-icons'>desktop_windows</i></span>
		</div>
<nav>
	<div class="nav-wrapper">
        <a href="#!" class="brand-logo black"><img src="https://cdn.jsdelivr.net/gh/extent-framework/extent-github-cdn@ff53917fbbdb5ef820abbbe4d199a6942dc771ff/commons/img/logo.png"></a>
		<!-- slideout menu -->
		<ul id='slide-out' class='side-nav fixed hide-on-med-and-down'>
			<li class='waves-effect active'><a href='#!' view='test-view' onclick="configureView(0);chartsView('test');"><i class='material-icons'>dashboard</i></a></li>
			<li class='waves-effect'><a href='#!' view='category-view' onclick="configureView(1)"><i class='material-icons'>label_outline</i></a></li>
			<li class='waves-effect'><a href='#!' view='exception-view' onclick="configureView(2)"><i class='material-icons'>bug_report</i></a></li>
			<li class='waves-effect'><a href='#!' onclick="configureView(-1);chartsView('dashboard');" view='dashboard-view'><i class='material-icons'>track_changes</i></a></li>
		</ul>
		<!-- report name -->
		<span class='report-name'>Automation Report</span>
		<!-- report headline -->
		<span class='report-headline'></span>
		<!-- nav-right -->
		<ul id='nav-mobile' class='right hide-on-med-and-down nav-right'>
			<a href='#!'>
			<span class='label blue darken-3 suite-start-time'>Dec 10, 2024 14:37:05</span>
			</a>
		</ul>
	</div>
</nav>		<!-- container -->
		<div class='container'>
<div id='test-view' class='view'>
	<section id='controls'>
		<div class='controls grey lighten-4'>
			<!-- test toggle -->
			<div class='chip transparent'>
				<a class='dropdown-button tests-toggle' data-activates='tests-toggle' data-constrainwidth='true' data-beloworigin='true' data-hover='true' href='#'>
				<i class='material-icons'>warning</i> Status
				</a>
				<ul id='tests-toggle' class='dropdown-content'>
										<li status='fail'><a href='#!'>Fail <i class='material-icons red-text'>cancel</i></a></li>
					<li class='divider'></li>
					<li status='clear' clear='true'><a href='#!'>Clear Filters <i class='material-icons'>clear</i></a></li>
				</ul>
			</div>
			<!-- test toggle -->
			<!-- category toggle -->
			<div class='chip transparent'>
				<a class='dropdown-button category-toggle' data-activates='category-toggle' data-constrainwidth='false' data-beloworigin='true' data-hover='true' href='#'>
				<i class='material-icons'>local_offer</i> Category
				</a>
				<ul id='category-toggle' class='dropdown-content'>
					<li><a href='#'>@Test1</a></li>
					<li><a href='#'>@Regression</a></li>
					<li class='divider'></li>
					<li class='clear'><a href='#!' clear='true'>Clear Filters</a></li>
				</ul>
			</div>
			<!-- category toggle -->
			<!-- clear filters -->
			<div class='chip transparent hide'>
				<a class='' id='clear-filters' alt='Clear Filters' title='Clear Filters'>
				<i class='material-icons'>close</i> Clear
				</a>
			</div>
			<!-- clear filters -->
			<!-- enable dashboard -->
			<div id='toggle-test-view-charts' class='chip transparent'>
				<a class='pink-text' id='enable-dashboard' alt='Enable Dashboard' title='Enable Dashboard'>
				<i class='material-icons'>track_changes</i> Dashboard
				</a>
			</div>
			<!-- enable dashboard -->
			<!-- search -->
			<div class='chip transparent' alt='Search Tests' title='Search Tests'>
				<a href="#" class='search-div'>
				<i class='material-icons'>search</i> Search
				</a>
				<div class='input-field left hide'>
					<input id='search-tests' type='text' class='validate browser-default' placeholder='Search Tests...'>
				</div>
			</div>
			<!-- search -->
		</div>
	</section>

<div id='test-view-charts' class='subview-full'>
    <div id='charts-row' class='row nm-v nm-h'>
        <div class='col s12 m4 l4 np-h'>
            <div class='card-panel nm-v'>
                <div class='left panel-name'>Features</div>
                <div class='chart-box' style="max-height:94px;">
                    <canvas id='parent-analysis' width='90' height='70'></canvas>
                </div>
                <div class='block text-small'>
                    <span class='tooltipped' data-position='top' data-tooltip='$0%'>
                    <span class='strong'>0</span> features passed</span>
                </div>
                <div class='block text-small'>
                    <span class='strong tooltipped' data-position='top' data-tooltip='100%'>
                    1</span> features failed, 
                    <span class='strong tooltipped' data-position='top' data-tooltip='0%'>
                    0</span> skipped
                </div>
            </div>
        </div>
        <div class='col s12 m4 l4 np-h'>
            <div class='card-panel nm-v'>
                <div class='left panel-name'>Scenarios</div>
                <div class='chart-box' style="max-height:94px;">
                    <canvas id='child-analysis' width='90' height='70'></canvas>
                </div>
                <div class='block text-small'>
                    <span class='tooltipped' data-position='top' data-tooltip='0%'>
                    <span class='strong'>0</span> scenarios passed</span>
                </div>
                <div class='block text-small'>
                    <span class='strong tooltipped' data-position='top' data-tooltip='100%'>
                    5</span> scenarios failed, 
                    <span class='strong tooltipped' data-position='top' data-tooltip='0%'>
                    0</span> skipped, 
                    <span class='strong tooltipped' data-position='top' data-tooltip='0%'>
                    0</span> others
                </div>
            </div>
        </div>
        <div class='col s12 m4 l4 np-h'>
            <div class='card-panel nm-v'>
                <div class='left panel-name'>Steps</div>
                <div class='chart-box' style="max-height:94px;">
                    <canvas id='grandchild-analysis' width='90' height='70'></canvas>
                </div>
                <div class='block text-small'>
                    <span class='tooltipped' data-position='top' data-tooltip='29%'>
                    <span class='strong'>14</span> steps passed</span>
                </div>
                <div class='block text-small'>
                    <span class='strong tooltipped' data-position='top' data-tooltip='23%'>
                    11</span> steps failed, 
                    <span class='strong tooltipped' data-position='top' data-tooltip='46%'>
                    22</span> skipped, 
                    <span class='strong tooltipped' data-position='top' data-tooltip='0%'>
                    0</span> others
                </div>
            </div>
        </div>
    </div>
    <div id="timeline-chart" class="row nm-v nm-h">
        <div class="col s12 m12 l12 np-h">
            <div class="card-panel">
                <div class='left panel-name'>Timeline (seconds)</div>
                <div class="chart-box" style="width:98%;max-height:145px;">
                    <canvas id="timeline" height="120"></canvas>
                </div>
            </div>
        </div>
    </div>
</div>	
	<div class='subview-left left'>
		<div class='view-summary'>
			<ul id='test-collection' class='test-collection'>
				<li class='test displayed active has-leaf fail' status='fail' bdd='true' test-id='1'>
					<div class='test-heading'>
						<span class='test-name'>Demo Feature</span>
						<span class='test-time'>Dec 10, 2024 14:37:06</span>
						<span class='test-status right fail'>Fail</span>
					</div>
					<div class='test-content hide'>
<div class="sr-filters bdd-filters">
	<a class="btn-floating waves-effect waves-light pass green" title="pass"><i class='material-icons'>check_circle</i></a>
	<a class="btn-floating waves-effect waves-light fail red" title="fail"><i class='material-icons'>cancel</i></a>
	<a class="btn-floating waves-effect waves-light skip blue" title="skip"><i class='material-icons'>redo</i></a>
	<a class="btn-floating waves-effect waves-light clear grey" title="clear"><i class='material-icons'>clear</i></a>
</div>

<div class='scenario node' test-id='2' status='fail'>

	<span class='duration right label'>00 01 56.994</span>
	<div class="bdd-test">
		<div class="scenario-name"><span class='status fail' title='Fail'><i class='material-icons'>cancel</i></span> Scenario: To Test IOS Simulator with Page Factory Approach</div>
	</div>
	
	
		<div class='category-list'>
				<span class='category label'>@Regression</span>
				<span class='category label'>@Test1</span>
		</div>
	
	<ul class='steps'>
		<li test-id='13' class='node given Pass' status='Pass'>
			<div class="step-name" title="(workDirectory.stepDefinitions.NotePadStepDefinitions.launchTheIOSSimulator())"><span class='status pass' title='Pass'><i class='material-icons'>check_circle</i></span>Given launch the iOS Simulator</div>


		</li>
		<li test-id='68' class='node * Pass' status='Pass'>
			<div class="step-name" title="(AFTER_STEP)"><span class='status pass' title='Pass'><i class='material-icons'>check_circle</i></span>workDirectory.stepDefinitions.Hooks.takeScreenshotEveryStep()</div>


					<div class='screenshots'>
						<img width='80' height='40' onerror='this.style.display="none"' data-featherlight='./Screenshots/embedded3.png' src='./Screenshots/embedded3.png'>
					</div>
		</li>
		<li test-id='70' class='node then Fail' status='Fail'>
			<div class="step-name" title="(workDirectory.stepDefinitions.NotePadStepDefinitions.clickAllowAccess())"><span class='status fail' title='Fail'><i class='material-icons'>cancel</i></span>Then click Allow Access</div>


					<textarea disabled class="code-block">org.openqa.selenium.TimeoutException: Expected condition failed: waiting for visibility of Located by By.chained({By.xpath: //XCUIElementTypeButton[@name="Allow While Using App"]}) (tried for 30 second(s) with 500 milliseconds interval)
	at org.openqa.selenium.support.ui.WebDriverWait.timeoutException(WebDriverWait.java:84)
	at org.openqa.selenium.support.ui.FluentWait.until(FluentWait.java:228)
	at builds.actions.MobileActions.waitElement(MobileActions.java:76)
	at builds.actions.MobileActions.click(MobileActions.java:34)
	at workDirectory.stepDefinitions.NotePadStepDefinitions.clickAllowAccess(NotePadStepDefinitions.java:95)
	at ✽.click Allow Access(file:///Users/00131018amirulhakim/Documents/com.test%202.framework/src/test/resources/features/Demo%20Features/Demo.feature:14)
Caused by: org.openqa.selenium.NoSuchElementException: Can't locate an element by this strategy: By.chained({By.xpath: //XCUIElementTypeButton[@name="Allow While Using App"]})
	at io.appium.java_client.pagefactory.AppiumElementLocator.findElement(AppiumElementLocator.java:166)
	at io.appium.java_client.pagefactory.interceptors.InterceptorOfASingleElement.call(InterceptorOfASingleElement.java:75)
	at io.appium.java_client.proxy.Interceptor.intercept(Interceptor.java:78)
	at org.openqa.selenium.remote.RemoteWebElement$ByteBuddy$0jVDhYtk.isDisplayed(Unknown Source)
	at org.openqa.selenium.support.ui.ExpectedConditions.elementIfVisible(ExpectedConditions.java:304)
	at org.openqa.selenium.support.ui.ExpectedConditions$10.apply(ExpectedConditions.java:290)
	at org.openqa.selenium.support.ui.ExpectedConditions$10.apply(ExpectedConditions.java:287)
	at org.openqa.selenium.support.ui.FluentWait.until(FluentWait.java:203)
	at builds.actions.MobileActions.waitElement(MobileActions.java:76)
	at builds.actions.MobileActions.click(MobileActions.java:34)
	at workDirectory.stepDefinitions.NotePadStepDefinitions.clickAllowAccess(NotePadStepDefinitions.java:95)
	at java.base/jdk.internal.reflect.NativeMethodAccessorImpl.invoke0(Native Method)
	at java.base/jdk.internal.reflect.NativeMethodAccessorImpl.invoke(NativeMethodAccessorImpl.java:64)
	at java.base/jdk.internal.reflect.DelegatingMethodAccessorImpl.invoke(DelegatingMethodAccessorImpl.java:43)
	at java.base/java.lang.reflect.Method.invoke(Method.java:564)
	at io.cucumber.java.Invoker.doInvoke(Invoker.java:66)
	at io.cucumber.java.Invoker.invoke(Invoker.java:24)
	at io.cucumber.java.AbstractGlueDefinition.invokeMethod(AbstractGlueDefinition.java:47)
	at io.cucumber.java.JavaStepDefinition.execute(JavaStepDefinition.java:29)
	at io.cucumber.core.runner.CoreStepDefinition.execute(CoreStepDefinition.java:66)
	at io.cucumber.core.runner.PickleStepDefinitionMatch.runStep(PickleStepDefinitionMatch.java:63)
	at io.cucumber.core.runner.ExecutionMode$1.execute(ExecutionMode.java:10)
	at io.cucumber.core.runner.TestStep.executeStep(TestStep.java:86)
	at io.cucumber.core.runner.TestStep.run(TestStep.java:57)
	at io.cucumber.core.runner.PickleStepTestStep.run(PickleStepTestStep.java:51)
	at io.cucumber.core.runner.TestCase.run(TestCase.java:95)
	at io.cucumber.core.runner.Runner.runPickle(Runner.java:75)
	at io.cucumber.testng.TestNGCucumberRunner.lambda$runScenario$1(TestNGCucumberRunner.java:132)
	at io.cucumber.core.runtime.CucumberExecutionContext.lambda$runTestCase$3(CucumberExecutionContext.java:151)
	at io.cucumber.core.runtime.RethrowingThrowableCollector.executeAndThrow(RethrowingThrowableCollector.java:23)
	at io.cucumber.core.runtime.CucumberExecutionContext.runTestCase(CucumberExecutionContext.java:151)
	at io.cucumber.testng.TestNGCucumberRunner.runScenario(TestNGCucumberRunner.java:129)
	at io.cucumber.testng.AbstractTestNGCucumberTests.runScenario(AbstractTestNGCucumberTests.java:35)
	at java.base/jdk.internal.reflect.NativeMethodAccessorImpl.invoke0(Native Method)
	at java.base/jdk.internal.reflect.NativeMethodAccessorImpl.invoke(NativeMethodAccessorImpl.java:64)
	at java.base/jdk.internal.reflect.DelegatingMethodAccessorImpl.invoke(DelegatingMethodAccessorImpl.java:43)
	at java.base/java.lang.reflect.Method.invoke(Method.java:564)
	at org.testng.internal.invokers.MethodInvocationHelper.invokeMethod(MethodInvocationHelper.java:141)
	at org.testng.internal.invokers.TestInvoker.invokeMethod(TestInvoker.java:686)
	at org.testng.internal.invokers.TestInvoker.invokeTestMethod(TestInvoker.java:230)
	at org.testng.internal.invokers.TestMethodWithDataProviderMethodWorker.call(TestMethodWithDataProviderMethodWorker.java:81)
	at org.testng.internal.thread.Async$AsyncTask.run(Async.java:34)
	at java.base/java.util.concurrent.ThreadPoolExecutor.runWorker(ThreadPoolExecutor.java:1130)
	at java.base/java.util.concurrent.ThreadPoolExecutor$Worker.run(ThreadPoolExecutor.java:630)
	at java.base/java.lang.Thread.run(Thread.java:832)
Caused by: org.openqa.selenium.TimeoutException: Expected condition failed: waiting for io.appium.java_client.pagefactory.AppiumElementLocator$WaitingFunction@24eff323 (tried for 30 second(s) with 500 milliseconds interval)
	at org.openqa.selenium.support.ui.FluentWait.timeoutException(FluentWait.java:265)
	at org.openqa.selenium.support.ui.FluentWait.until(FluentWait.java:228)
	at io.appium.java_client.pagefactory.AppiumElementLocator.waitFor(AppiumElementLocator.java:135)
	at io.appium.java_client.pagefactory.AppiumElementLocator.findElement(AppiumElementLocator.java:160)
	... 44 more
Caused by: org.openqa.selenium.NoSuchElementException: Cannot locate an element using By.chained({By.xpath: //XCUIElementTypeButton[@name="Allow While Using App"]})
For documentation on this error, please visit: https://www.selenium.dev/documentation/webdriver/troubleshooting/errors#no-such-element-exception
Build info: version: '4.27.0', revision: 'd6e718d134'
System info: os.name: 'Mac OS X', os.arch: 'x86_64', os.version: '10.16', java.version: '15.0.2'
Driver info: driver.version: RemoteWebDriver
	at io.appium.java_client.pagefactory.bys.builder.ByChained.findElement(ByChained.java:74)
	at org.openqa.selenium.remote.ElementLocation$ElementFinder$1.findElement(ElementLocation.java:139)
	at org.openqa.selenium.remote.ElementLocation.findElement(ElementLocation.java:59)
	at org.openqa.selenium.remote.RemoteWebDriver.findElement(RemoteWebDriver.java:368)
	at org.openqa.selenium.remote.RemoteWebDriver.findElement(RemoteWebDriver.java:362)
	at io.appium.java_client.pagefactory.bys.ContentMappedBy.findElement(ContentMappedBy.java:54)
	at org.openqa.selenium.remote.ElementLocation$ElementFinder$1.findElement(ElementLocation.java:139)
	at org.openqa.selenium.remote.ElementLocation.findElement(ElementLocation.java:59)
	at org.openqa.selenium.remote.RemoteWebDriver.findElement(RemoteWebDriver.java:368)
	at org.openqa.selenium.remote.RemoteWebDriver.findElement(RemoteWebDriver.java:362)
	at io.appium.java_client.pagefactory.AppiumElementLocator.lambda$findElement$1(AppiumElementLocator.java:160)
	at io.appium.java_client.pagefactory.AppiumElementLocator$WaitingFunction.apply(AppiumElementLocator.java:217)
	at io.appium.java_client.pagefactory.AppiumElementLocator$WaitingFunction.apply(AppiumElementLocator.java:210)
	at org.openqa.selenium.support.ui.FluentWait.until(FluentWait.java:203)
	... 46 more
</textarea>
		</li>
		<li test-id='107' class='node * Fail' status='Fail'>
			<div class="step-name" title="(AFTER_STEP)"><span class='status fail' title='Fail'><i class='material-icons'>cancel</i></span>workDirectory.stepDefinitions.Hooks.takeScreenshotEveryStep()</div>


					<textarea disabled class="code-block">java.lang.IllegalStateException: You can not use Scenario.log or Scenario.attach when a step is not being executed
	at io.cucumber.core.runner.TestCaseState.requireActiveTestStep(TestCaseState.java:164)
	at io.cucumber.core.runner.TestCaseState.attach(TestCaseState.java:73)
	at io.cucumber.java.Scenario.attach(Scenario.java:78)
	at builds.actions.MobileActions.screenshot(MobileActions.java:81)
	at workDirectory.stepDefinitions.Hooks.takeScreenshotEveryStep(Hooks.java:42)
</textarea>
		</li>
		<li test-id='108' class='node * Fail' status='Fail'>
			<div class="step-name" title="(AFTER)"><span class='status fail' title='Fail'><i class='material-icons'>cancel</i></span>workDirectory.stepDefinitions.Hooks.takeScreenshotIfFailed(io.cucumber.java.Scenario)</div>


					<textarea disabled class="code-block">java.lang.IllegalStateException: You can not use Scenario.log or Scenario.attach when a step is not being executed
	at io.cucumber.core.runner.TestCaseState.requireActiveTestStep(TestCaseState.java:164)
	at io.cucumber.core.runner.TestCaseState.attach(TestCaseState.java:73)
	at io.cucumber.java.Scenario.attach(Scenario.java:78)
	at builds.actions.MobileActions.screenshot(MobileActions.java:81)
	at workDirectory.stepDefinitions.Hooks.takeScreenshotIfFailed(Hooks.java:26)
</textarea>
		</li>
	</ul>
</div>
<div class='scenario node' test-id='3' status='fail'>

	<span class='duration right label'>00 01 45.235</span>
	<div class="bdd-test">
		<div class="scenario-name"><span class='status fail' title='Fail'><i class='material-icons'>cancel</i></span> Scenario: Verify Browser & App Login</div>
	</div>
	
	
		<div class='category-list'>
				<span class='category label'>@Regression</span>
				<span class='category label'>@Test1</span>
		</div>
	
	<ul class='steps'>
		<li test-id='17' class='node given Pass' status='Pass'>
			<div class="step-name" title="(workDirectory.stepDefinitions.GooglePageStepDefinition.launchTheBrowserAndNavigateToGooglePage())"><span class='status pass' title='Pass'><i class='material-icons'>check_circle</i></span>Given launch the browser and navigate to Google page</div>


		</li>
		<li test-id='61' class='node * Pass' status='Pass'>
			<div class="step-name" title="(AFTER_STEP)"><span class='status pass' title='Pass'><i class='material-icons'>check_circle</i></span>workDirectory.stepDefinitions.Hooks.takeScreenshotEveryStep()</div>


					<div class='screenshots'>
						<img width='80' height='40' onerror='this.style.display="none"' data-featherlight='./Screenshots/embedded1.png' src='./Screenshots/embedded1.png'>
					</div>
		</li>
		<li test-id='64' class='node when Pass' status='Pass'>
			<div class="step-name" title="(workDirectory.stepDefinitions.GooglePageStepDefinition.sendKeyTextIntoTheGoogleSearchBarAndPressEnter(java.lang.String))"><span class='status pass' title='Pass'><i class='material-icons'>check_circle</i></span>When send key text "covid-19 stats malaysia" into the google search bar and press enter</div>


		</li>
		<li test-id='67' class='node * Pass' status='Pass'>
			<div class="step-name" title="(AFTER_STEP)"><span class='status pass' title='Pass'><i class='material-icons'>check_circle</i></span>workDirectory.stepDefinitions.Hooks.takeScreenshotEveryStep()</div>


					<div class='screenshots'>
						<img width='80' height='40' onerror='this.style.display="none"' data-featherlight='./Screenshots/embedded5.png' src='./Screenshots/embedded5.png'>
					</div>
		</li>
		<li test-id='75' class='node then Fail' status='Fail'>
			<div class="step-name" title="(workDirectory.stepDefinitions.GooglePageStepDefinition.assertPageTitleIs(java.lang.String))"><span class='status fail' title='Fail'><i class='material-icons'>cancel</i></span>Then assert page title is "covid-19 stats malaysia - Google Search"</div>


					<textarea disabled class="code-block">java.lang.AssertionError: expected [covid-19 stats malaysia - Google Search] but found [covid-19 stats malaysiacovid-19 stats malaysia - Google Search]
	at org.testng.Assert.fail(Assert.java:111)
	at org.testng.Assert.failNotEquals(Assert.java:1578)
	at org.testng.Assert.assertEqualsImpl(Assert.java:150)
	at org.testng.Assert.assertEquals(Assert.java:132)
	at org.testng.Assert.assertEquals(Assert.java:656)
	at org.testng.Assert.assertEquals(Assert.java:666)
	at builds.actions.BrowserActions.assertPageTitle(BrowserActions.java:139)
	at workDirectory.stepDefinitions.GooglePageStepDefinition.assertPageTitleIs(GooglePageStepDefinition.java:32)
	at ✽.assert page title is "covid-19 stats malaysia - Google Search"(file:///Users/00131018amirulhakim/Documents/com.test%202.framework/src/test/resources/features/Demo%20Features/Demo.feature:48)
</textarea>
		</li>
		<li test-id='81' class='node * Pass' status='Pass'>
			<div class="step-name" title="(AFTER_STEP)"><span class='status pass' title='Pass'><i class='material-icons'>check_circle</i></span>workDirectory.stepDefinitions.Hooks.takeScreenshotEveryStep()</div>


					<div class='screenshots'>
						<img width='80' height='40' onerror='this.style.display="none"' data-featherlight='./Screenshots/embedded8.png' src='./Screenshots/embedded8.png'>
					</div>
		</li>
		<li test-id='83' class='node then Skip' status='Skip'>
			<div class="step-name" title="(workDirectory.stepDefinitions.GooglePageStepDefinition.assertStatisticsSectionIsDisplayed())"><span class='status skip' title='Skip'><i class='material-icons'>redo</i></span>Then assert statistics section is displayed</div>


					<div class="node-step">Step skipped</div>
		</li>
		<li test-id='86' class='node given Skip' status='Skip'>
			<div class="step-name" title="(workDirectory.stepDefinitions.NotePadStepDefinitions.NotePadStepDefinitions())"><span class='status skip' title='Skip'><i class='material-icons'>redo</i></span>Given launch the mobile apps and open notepad</div>


					<div class="node-step">Step skipped</div>
		</li>
		<li test-id='89' class='node and Skip' status='Skip'>
			<div class="step-name" title="(workDirectory.stepDefinitions.NotePadStepDefinitions.createNewNote())"><span class='status skip' title='Skip'><i class='material-icons'>redo</i></span>And create new note</div>


					<div class="node-step">Step skipped</div>
		</li>
		<li test-id='92' class='node and Skip' status='Skip'>
			<div class="step-name" title="(workDirectory.stepDefinitions.NotePadStepDefinitions.typeNoteTitle(java.util.List<java.util.List<java.lang.String>>))"><span class='status skip' title='Skip'><i class='material-icons'>redo</i></span>And type note title</div>


					<div class="node-step"><table class='markup-table table '><tr><td>Selamat</td><td>Hari</td><td>Raya</td></tr></table></div>
					<div class="node-step">Step skipped</div>
		</li>
		<li test-id='95' class='node and Skip' status='Skip'>
			<div class="step-name" title="(workDirectory.stepDefinitions.NotePadStepDefinitions.typeNoteBody(java.util.List<java.util.Map<java.lang.String, java.lang.String>>))"><span class='status skip' title='Skip'><i class='material-icons'>redo</i></span>And type note body</div>


					<div class="node-step"><table class='markup-table table '><tr><td>First Word</td><td>Second Word</td></tr><tr><td>Gong Xi</td><td>Fa Cai</td></tr></table></div>
					<div class="node-step">Step skipped</div>
		</li>
		<li test-id='98' class='node and Skip' status='Skip'>
			<div class="step-name" title="(workDirectory.stepDefinitions.NotePadStepDefinitions.saveTheNote())"><span class='status skip' title='Skip'><i class='material-icons'>redo</i></span>And save the note</div>


					<div class="node-step">Step skipped</div>
		</li>
		<li test-id='101' class='node when Skip' status='Skip'>
			<div class="step-name" title="(workDirectory.stepDefinitions.NotePadStepDefinitions.clickBackButton())"><span class='status skip' title='Skip'><i class='material-icons'>redo</i></span>When click back button</div>


					<div class="node-step">Step skipped</div>
		</li>
		<li test-id='104' class='node and Skip' status='Skip'>
			<div class="step-name" title="(workDirectory.stepDefinitions.NotePadStepDefinitions.quit())"><span class='status skip' title='Skip'><i class='material-icons'>redo</i></span>And Quit</div>


					<div class="node-step">Step skipped</div>
		</li>
		<li test-id='106' class='node * Pass' status='Pass'>
			<div class="step-name" title="(AFTER)"><span class='status pass' title='Pass'><i class='material-icons'>check_circle</i></span>workDirectory.stepDefinitions.Hooks.takeScreenshotIfFailed(io.cucumber.java.Scenario)</div>


					<div class='screenshots'>
						<img width='80' height='40' onerror='this.style.display="none"' data-featherlight='./Screenshots/embedded9.png' src='./Screenshots/embedded9.png'>
					</div>
		</li>
	</ul>
</div>
<div class='scenario node' test-id='4' status='fail'>

	<span class='duration right label'>00 01 44.208</span>
	<div class="bdd-test">
		<div class="scenario-name"><span class='status fail' title='Fail'><i class='material-icons'>cancel</i></span> Scenario: Verify Statistics section in web browser</div>
	</div>
	
	
		<div class='category-list'>
				<span class='category label'>@Regression</span>
				<span class='category label'>@Test1</span>
		</div>
	
	<ul class='steps'>
		<li test-id='15' class='node given Pass' status='Pass'>
			<div class="step-name" title="(workDirectory.stepDefinitions.GooglePageStepDefinition.launchTheBrowserAndNavigateToGooglePage())"><span class='status pass' title='Pass'><i class='material-icons'>check_circle</i></span>Given launch the browser and navigate to Google page</div>


		</li>
		<li test-id='62' class='node * Pass' status='Pass'>
			<div class="step-name" title="(AFTER_STEP)"><span class='status pass' title='Pass'><i class='material-icons'>check_circle</i></span>workDirectory.stepDefinitions.Hooks.takeScreenshotEveryStep()</div>


					<div class='screenshots'>
						<img width='80' height='40' onerror='this.style.display="none"' data-featherlight='./Screenshots/embedded2.png' src='./Screenshots/embedded2.png'>
					</div>
		</li>
		<li test-id='66' class='node when Pass' status='Pass'>
			<div class="step-name" title="(workDirectory.stepDefinitions.GooglePageStepDefinition.sendKeyTextIntoTheGoogleSearchBarAndPressEnter(java.lang.String))"><span class='status pass' title='Pass'><i class='material-icons'>check_circle</i></span>When send key text "covid-19 stats malaysia" into the google search bar and press enter</div>


		</li>
		<li test-id='71' class='node * Pass' status='Pass'>
			<div class="step-name" title="(AFTER_STEP)"><span class='status pass' title='Pass'><i class='material-icons'>check_circle</i></span>workDirectory.stepDefinitions.Hooks.takeScreenshotEveryStep()</div>


					<div class='screenshots'>
						<img width='80' height='40' onerror='this.style.display="none"' data-featherlight='./Screenshots/embedded4.png' src='./Screenshots/embedded4.png'>
					</div>
		</li>
		<li test-id='73' class='node then Fail' status='Fail'>
			<div class="step-name" title="(workDirectory.stepDefinitions.GooglePageStepDefinition.assertPageTitleIs(java.lang.String))"><span class='status fail' title='Fail'><i class='material-icons'>cancel</i></span>Then assert page title is "covid-19 stats malaysia - Google Search"</div>


					<textarea disabled class="code-block">java.lang.AssertionError: expected [covid-19 stats malaysia - Google Search] but found [covid-19 stats malaysiacovid-19 stats malaysia - Google Search]
	at org.testng.Assert.fail(Assert.java:111)
	at org.testng.Assert.failNotEquals(Assert.java:1578)
	at org.testng.Assert.assertEqualsImpl(Assert.java:150)
	at org.testng.Assert.assertEquals(Assert.java:132)
	at org.testng.Assert.assertEquals(Assert.java:656)
	at org.testng.Assert.assertEquals(Assert.java:666)
	at builds.actions.BrowserActions.assertPageTitle(BrowserActions.java:139)
	at workDirectory.stepDefinitions.GooglePageStepDefinition.assertPageTitleIs(GooglePageStepDefinition.java:32)
	at ✽.assert page title is "covid-19 stats malaysia - Google Search"(file:///Users/00131018amirulhakim/Documents/com.test%202.framework/src/test/resources/features/Demo%20Features/Demo.feature:8)
</textarea>
		</li>
		<li test-id='76' class='node * Pass' status='Pass'>
			<div class="step-name" title="(AFTER_STEP)"><span class='status pass' title='Pass'><i class='material-icons'>check_circle</i></span>workDirectory.stepDefinitions.Hooks.takeScreenshotEveryStep()</div>


					<div class='screenshots'>
						<img width='80' height='40' onerror='this.style.display="none"' data-featherlight='./Screenshots/embedded6.png' src='./Screenshots/embedded6.png'>
					</div>
		</li>
		<li test-id='78' class='node then Skip' status='Skip'>
			<div class="step-name" title="(workDirectory.stepDefinitions.GooglePageStepDefinition.assertStatisticsSectionIsDisplayed())"><span class='status skip' title='Skip'><i class='material-icons'>redo</i></span>Then assert statistics section is displayed</div>


					<div class="node-step">Step skipped</div>
		</li>
		<li test-id='80' class='node * Pass' status='Pass'>
			<div class="step-name" title="(AFTER)"><span class='status pass' title='Pass'><i class='material-icons'>check_circle</i></span>workDirectory.stepDefinitions.Hooks.takeScreenshotIfFailed(io.cucumber.java.Scenario)</div>


					<div class='screenshots'>
						<img width='80' height='40' onerror='this.style.display="none"' data-featherlight='./Screenshots/embedded7.png' src='./Screenshots/embedded7.png'>
					</div>
		</li>
	</ul>
</div>
<div class='scenario outline node' test-id='6' status='fail'>

	<span class='duration right label'>00 00 21.294</span>
	<div class="bdd-test">
		<div class="scenario-name"><span class='status fail' title='Fail'><i class='material-icons'>cancel</i></span> Scenario Outline: Verify notepad in mobile is able to write</div>
	</div>
	
		<div class='node-desc'><br><br><table class='markup-table table '><tr><td>Note Title</td><td>Note Body</td></tr><tr><td>Hello World!</td><td>Don't forget to be happy everyday :)</td></tr></table></div>
	
	
	<ul class='steps'>
		<li test-id='7' class='node scenario Fail' status='Fail'>
			<div class="step-name" title="()"><span class='status fail' title='Fail'><i class='material-icons'>cancel</i></span>Verify notepad in mobile is able to write</div>

				<div class='category-list'>
						<span class='category label'>@Regression</span>
						<span class='category label'>@Test1</span>
				</div>

			<ul class='gc steps'>
				<li test-id='16' class='gc given Fail' status='Fail'>
					<h6 class="step-name" title="workDirectory.stepDefinitions.NotePadStepDefinitions.NotePadStepDefinitions()"><span class='status fail' title='Fail'><i class='material-icons'>cancel</i></span>Given launch the mobile apps and open notepad</h6>

							<textarea disabled class="code-block">org.openqa.selenium.SessionNotCreatedException: Could not start a new session. Response code 500. Message: An unknown server-side error occurred while processing the command. Original error: Could not find a connected Android device in 20097ms. 
Host info: host: '00131018s-MacBook-Pro.local', ip: '2001:d08:d4:8a64:4969:4d39:a596:c8a0%en0'
Build info: version: '4.27.0', revision: 'd6e718d134'
System info: os.name: 'Mac OS X', os.arch: 'x86_64', os.version: '10.16', java.version: '15.0.2'
Driver info: io.appium.java_client.android.AndroidDriver
Command: [null, newSession {capabilities=[Capabilities {appium:app: /Users/00131018amirulhakim/..., appium:appActivity: com.atomczak.notepat.MainAc..., appium:appPackage: com.atomczak.notepat, appium:automationName: uiautomator2, appium:fullReset: true, appium:newCommandTimeout: 300, appium:noReset: false, appium:resetKeyboard: true, appium:udid: emulator-5554, appium:uiautomator2ServerLaunchTimeout: 300000, appium:unicodeKeyboard: true, platformName: ANDROID}]}]
Capabilities {appium:app: /Users/00131018amirulhakim/..., appium:appActivity: com.atomczak.notepat.MainAc..., appium:appPackage: com.atomczak.notepat, appium:automationName: uiautomator2, appium:fullReset: true, appium:newCommandTimeout: 300, appium:noReset: false, appium:resetKeyboard: true, appium:udid: emulator-5554, appium:uiautomator2ServerLaunchTimeout: 300000, appium:unicodeKeyboard: true, platformName: ANDROID}
	at org.openqa.selenium.remote.ProtocolHandshake.createSession(ProtocolHandshake.java:114)
	at org.openqa.selenium.remote.ProtocolHandshake.createSession(ProtocolHandshake.java:75)
	at org.openqa.selenium.remote.ProtocolHandshake.createSession(ProtocolHandshake.java:61)
	at io.appium.java_client.remote.AppiumCommandExecutor.createSession(AppiumCommandExecutor.java:176)
	at io.appium.java_client.remote.AppiumCommandExecutor.execute(AppiumCommandExecutor.java:237)
	at org.openqa.selenium.remote.RemoteWebDriver.execute(RemoteWebDriver.java:545)
	at io.appium.java_client.AppiumDriver.startSession(AppiumDriver.java:270)
	at org.openqa.selenium.remote.RemoteWebDriver.<init>(RemoteWebDriver.java:174)
	at io.appium.java_client.AppiumDriver.<init>(AppiumDriver.java:91)
	at io.appium.java_client.AppiumDriver.<init>(AppiumDriver.java:103)
	at io.appium.java_client.android.AndroidDriver.<init>(AndroidDriver.java:109)
	at builds.utilities.BaseTest.androidSetup(BaseTest.java:83)
	at workDirectory.stepDefinitions.NotePadStepDefinitions.NotePadStepDefinitions(NotePadStepDefinitions.java:27)
	at ✽.launch the mobile apps and open notepad(file:///Users/00131018amirulhakim/Documents/com.test%202.framework/src/test/resources/features/Demo%20Features/Demo.feature:18)
</textarea>
				</li>
				<li test-id='18' class='gc * Fail' status='Fail'>
					<h6 class="step-name" title="AFTER_STEP"><span class='status fail' title='Fail'><i class='material-icons'>cancel</i></span>workDirectory.stepDefinitions.Hooks.takeScreenshotEveryStep()</h6>

							<textarea disabled class="code-block">java.lang.NullPointerException: Cannot invoke "String.equals(Object)" because the return value of "java.util.Properties.getProperty(String)" is null
	at workDirectory.stepDefinitions.Hooks.takeScreenshotEveryStep(Hooks.java:35)
</textarea>
				</li>
				<li test-id='21' class='gc and Skip' status='Skip'>
					<h6 class="step-name" title="workDirectory.stepDefinitions.NotePadStepDefinitions.createNewNote()"><span class='status skip' title='Skip'><i class='material-icons'>redo</i></span>And create new note</h6>

							<div class="node-step">Step skipped</div>
				</li>
				<li test-id='26' class='gc and Skip' status='Skip'>
					<h6 class="step-name" title="workDirectory.stepDefinitions.NotePadStepDefinitions.typeNoteTitle(java.lang.String)"><span class='status skip' title='Skip'><i class='material-icons'>redo</i></span>And type "Hello World!" note title</h6>

							<div class="node-step">Step skipped</div>
				</li>
				<li test-id='29' class='gc and Skip' status='Skip'>
					<h6 class="step-name" title="workDirectory.stepDefinitions.NotePadStepDefinitions.typeNoteBody(java.lang.String)"><span class='status skip' title='Skip'><i class='material-icons'>redo</i></span>And type "Don't forget to be happy everyday :)" note body</h6>

							<div class="node-step">Step skipped</div>
				</li>
				<li test-id='32' class='gc and Skip' status='Skip'>
					<h6 class="step-name" title="workDirectory.stepDefinitions.NotePadStepDefinitions.saveTheNote()"><span class='status skip' title='Skip'><i class='material-icons'>redo</i></span>And save the note</h6>

							<div class="node-step">Step skipped</div>
				</li>
				<li test-id='35' class='gc when Skip' status='Skip'>
					<h6 class="step-name" title="workDirectory.stepDefinitions.NotePadStepDefinitions.clickBackButton()"><span class='status skip' title='Skip'><i class='material-icons'>redo</i></span>When click back button</h6>

							<div class="node-step">Step skipped</div>
				</li>
				<li test-id='41' class='gc then Skip' status='Skip'>
					<h6 class="step-name" title="workDirectory.stepDefinitions.NotePadStepDefinitions.assertNoteIsDisplayed(java.lang.String)"><span class='status skip' title='Skip'><i class='material-icons'>redo</i></span>Then assert note "Hello World!" is displayed</h6>

							<div class="node-step">Step skipped</div>
				</li>
				<li test-id='47' class='gc and Skip' status='Skip'>
					<h6 class="step-name" title="workDirectory.stepDefinitions.NotePadStepDefinitions.quit()"><span class='status skip' title='Skip'><i class='material-icons'>redo</i></span>And Quit</h6>

							<div class="node-step">Step skipped</div>
				</li>
				<li test-id='51' class='gc * Fail' status='Fail'>
					<h6 class="step-name" title="AFTER"><span class='status fail' title='Fail'><i class='material-icons'>cancel</i></span>workDirectory.stepDefinitions.Hooks.takeScreenshotIfFailed(io.cucumber.java.Scenario)</h6>

							<textarea disabled class="code-block">java.lang.NullPointerException: Cannot invoke "String.equals(Object)" because the return value of "java.util.Properties.getProperty(String)" is null
	at workDirectory.stepDefinitions.Hooks.takeScreenshotIfFailed(Hooks.java:19)
</textarea>
				</li>
			</ul>
		</li>
	</ul>
</div>
<div class='scenario node' test-id='9' status='fail'>

	<span class='duration right label'>00 00 21.285</span>
	<div class="bdd-test">
		<div class="scenario-name"><span class='status fail' title='Fail'><i class='material-icons'>cancel</i></span> Scenario: Verify notepad in mobile is able to write</div>
	</div>
	
	
		<div class='category-list'>
				<span class='category label'>@Regression</span>
				<span class='category label'>@Test1</span>
		</div>
	
	<ul class='steps'>
		<li test-id='14' class='node given Fail' status='Fail'>
			<div class="step-name" title="(workDirectory.stepDefinitions.NotePadStepDefinitions.NotePadStepDefinitions())"><span class='status fail' title='Fail'><i class='material-icons'>cancel</i></span>Given launch the mobile apps and open notepad</div>


					<textarea disabled class="code-block">org.openqa.selenium.SessionNotCreatedException: Could not start a new session. Response code 500. Message: An unknown server-side error occurred while processing the command. Original error: Could not find a connected Android device in 20064ms. 
Host info: host: '00131018s-MacBook-Pro.local', ip: '2001:d08:d4:8a64:4969:4d39:a596:c8a0%en0'
Build info: version: '4.27.0', revision: 'd6e718d134'
System info: os.name: 'Mac OS X', os.arch: 'x86_64', os.version: '10.16', java.version: '15.0.2'
Driver info: io.appium.java_client.android.AndroidDriver
Command: [null, newSession {capabilities=[Capabilities {appium:app: /Users/00131018amirulhakim/..., appium:appActivity: com.atomczak.notepat.MainAc..., appium:appPackage: com.atomczak.notepat, appium:automationName: uiautomator2, appium:fullReset: true, appium:newCommandTimeout: 300, appium:noReset: false, appium:resetKeyboard: true, appium:udid: emulator-5554, appium:uiautomator2ServerLaunchTimeout: 300000, appium:unicodeKeyboard: true, platformName: ANDROID}]}]
Capabilities {appium:app: /Users/00131018amirulhakim/..., appium:appActivity: com.atomczak.notepat.MainAc..., appium:appPackage: com.atomczak.notepat, appium:automationName: uiautomator2, appium:fullReset: true, appium:newCommandTimeout: 300, appium:noReset: false, appium:resetKeyboard: true, appium:udid: emulator-5554, appium:uiautomator2ServerLaunchTimeout: 300000, appium:unicodeKeyboard: true, platformName: ANDROID}
	at org.openqa.selenium.remote.ProtocolHandshake.createSession(ProtocolHandshake.java:114)
	at org.openqa.selenium.remote.ProtocolHandshake.createSession(ProtocolHandshake.java:75)
	at org.openqa.selenium.remote.ProtocolHandshake.createSession(ProtocolHandshake.java:61)
	at io.appium.java_client.remote.AppiumCommandExecutor.createSession(AppiumCommandExecutor.java:176)
	at io.appium.java_client.remote.AppiumCommandExecutor.execute(AppiumCommandExecutor.java:237)
	at org.openqa.selenium.remote.RemoteWebDriver.execute(RemoteWebDriver.java:545)
	at io.appium.java_client.AppiumDriver.startSession(AppiumDriver.java:270)
	at org.openqa.selenium.remote.RemoteWebDriver.<init>(RemoteWebDriver.java:174)
	at io.appium.java_client.AppiumDriver.<init>(AppiumDriver.java:91)
	at io.appium.java_client.AppiumDriver.<init>(AppiumDriver.java:103)
	at io.appium.java_client.android.AndroidDriver.<init>(AndroidDriver.java:109)
	at builds.utilities.BaseTest.androidSetup(BaseTest.java:83)
	at workDirectory.stepDefinitions.NotePadStepDefinitions.NotePadStepDefinitions(NotePadStepDefinitions.java:27)
	at ✽.launch the mobile apps and open notepad(file:///Users/00131018amirulhakim/Documents/com.test%202.framework/src/test/resources/features/Demo%20Features/Demo.feature:32)
</textarea>
		</li>
		<li test-id='19' class='node * Fail' status='Fail'>
			<div class="step-name" title="(AFTER_STEP)"><span class='status fail' title='Fail'><i class='material-icons'>cancel</i></span>workDirectory.stepDefinitions.Hooks.takeScreenshotEveryStep()</div>


					<textarea disabled class="code-block">java.lang.NullPointerException: Cannot invoke "String.equals(Object)" because the return value of "java.util.Properties.getProperty(String)" is null
	at workDirectory.stepDefinitions.Hooks.takeScreenshotEveryStep(Hooks.java:35)
</textarea>
		</li>
		<li test-id='23' class='node and Skip' status='Skip'>
			<div class="step-name" title="(workDirectory.stepDefinitions.NotePadStepDefinitions.createNewNote())"><span class='status skip' title='Skip'><i class='material-icons'>redo</i></span>And create new note</div>


					<div class="node-step">Step skipped</div>
		</li>
		<li test-id='40' class='node and Skip' status='Skip'>
			<div class="step-name" title="(workDirectory.stepDefinitions.NotePadStepDefinitions.typeNoteTitle(java.util.List<java.util.List<java.lang.String>>))"><span class='status skip' title='Skip'><i class='material-icons'>redo</i></span>And type note title</div>


					<div class="node-step"><table class='markup-table table '><tr><td>Selamat</td><td>Hari</td><td>Raya</td></tr></table></div>
					<div class="node-step">Step skipped</div>
		</li>
		<li test-id='46' class='node and Skip' status='Skip'>
			<div class="step-name" title="(workDirectory.stepDefinitions.NotePadStepDefinitions.typeNoteBody(java.util.List<java.util.Map<java.lang.String, java.lang.String>>))"><span class='status skip' title='Skip'><i class='material-icons'>redo</i></span>And type note body</div>


					<div class="node-step"><table class='markup-table table '><tr><td>First Word</td><td>Second Word</td></tr><tr><td>Gong Xi</td><td>Fa Cai</td></tr></table></div>
					<div class="node-step">Step skipped</div>
		</li>
		<li test-id='52' class='node and Skip' status='Skip'>
			<div class="step-name" title="(workDirectory.stepDefinitions.NotePadStepDefinitions.saveTheNote())"><span class='status skip' title='Skip'><i class='material-icons'>redo</i></span>And save the note</div>


					<div class="node-step">Step skipped</div>
		</li>
		<li test-id='55' class='node when Skip' status='Skip'>
			<div class="step-name" title="(workDirectory.stepDefinitions.NotePadStepDefinitions.clickBackButton())"><span class='status skip' title='Skip'><i class='material-icons'>redo</i></span>When click back button</div>


					<div class="node-step">Step skipped</div>
		</li>
		<li test-id='58' class='node and Skip' status='Skip'>
			<div class="step-name" title="(workDirectory.stepDefinitions.NotePadStepDefinitions.quit())"><span class='status skip' title='Skip'><i class='material-icons'>redo</i></span>And Quit</div>


					<div class="node-step">Step skipped</div>
		</li>
		<li test-id='60' class='node * Fail' status='Fail'>
			<div class="step-name" title="(AFTER)"><span class='status fail' title='Fail'><i class='material-icons'>cancel</i></span>workDirectory.stepDefinitions.Hooks.takeScreenshotIfFailed(io.cucumber.java.Scenario)</div>


					<textarea disabled class="code-block">java.lang.NullPointerException: Cannot invoke "String.equals(Object)" because the return value of "java.util.Properties.getProperty(String)" is null
	at workDirectory.stepDefinitions.Hooks.takeScreenshotIfFailed(Hooks.java:19)
</textarea>
		</li>
	</ul>
</div>
					</div>
				</li>
			</ul>
		</div>
	</div>
	
	
	<!-- subview left -->
	<div class='subview-right left'>
		<div class='view-summary'>
			<div id='step-filters' class="right sr-filters">
				<a class="btn-floating waves-effect waves-light green" status="pass" alt="pass" title="pass"><i class="material-icons">check_circle</i></a>
				<a class="btn-floating waves-effect waves-light red" status="fail" alt="fail" title="fail"><i class="material-icons">cancel</i></a>
				<a class="btn-floating waves-effect waves-light red darken-4" status="fatal" alt="fatal" title="fatal"><i class="material-icons">cancel</i></a>
				<a class="btn-floating waves-effect waves-light pink text-lighten-1" status="error" alt="error" title="error"><i class="material-icons">error</i></a>
				<a class="btn-floating waves-effect waves-light orange" alt="warning" status="warning" title="warning"><i class="material-icons">warning</i></a>
				<a class="btn-floating waves-effect waves-light teal" status="skip" alt="skip" title="skip"><i class="material-icons">redo</i></a>
				<a class="btn-floating waves-effect waves-light grey" status="clear" alt="Clear filters" title="Clear filters"><i class="material-icons">clear</i></a>
			</div>
			<h5 class='test-name'></h5>
		</div>
	</div>
	<!-- subview right -->
</div>
<!-- test view --><div id='category-view' class='view hide'>
	<section id='controls'>
		<div class='controls grey lighten-4'>
			<!-- search -->
			<div class='chip transparent' alt='Search Tests' title='Search Tests'>
				<a href="#" class='search-div'>
				<i class='material-icons'>search</i> Search
				</a>
				<div class='input-field left hide'>
					<input id='search-tests' type='text' class='validate browser-default' placeholder='Search Tests...'>
				</div>
			</div>
			<!-- search -->
		</div>
	</section>
	<div class='subview-left left'>
		<div class='view-summary'>
			<ul id='category-collection' class='category-collection'>
				<li class='category displayed active'>
					<div class='category-heading'>
						<span class='category-name'>@Test1</span>
						<span class='category-status right'>
						<span class='label fail'>5</span>
						</span>
					</div>
					<div class='category-content hide'>
						<div class='category-status-counts'>
							
							<span status="fail" class='label red lighten-1 white-text'>Failed: 5</span>
							
						</div>
						<div class='category-tests'>
							<table class='bordered table-results'>
								<thead>
									<tr>
										<th>Timestamp</th>
										<th>TestName</th>
										<th>Status</th>
									</tr>
								</thead>
								<tbody>
									<tr>
										<td>Dec 10, 2024 14:37:06</td>
										<td class='linked' test-id='2'>To Test IOS Simulator with Page Factory Approach</td>
										<td><span class='test-status Fail'>Fail</span></td>
									</tr>
									<tr>
										<td>Dec 10, 2024 14:37:06</td>
										<td class='linked' test-id='3'>Verify Browser & App Login</td>
										<td><span class='test-status Fail'>Fail</span></td>
									</tr>
									<tr>
										<td>Dec 10, 2024 14:37:06</td>
										<td class='linked' test-id='4'>Verify Statistics section in web browser</td>
										<td><span class='test-status Fail'>Fail</span></td>
									</tr>
									<tr>
										<td>Dec 10, 2024 14:37:06</td>
										<td class='linked' test-id='7'>Verify notepad in mobile is able to write</td>
										<td><span class='test-status Fail'>Fail</span></td>
									</tr>
									<tr>
										<td>Dec 10, 2024 14:37:06</td>
										<td class='linked' test-id='9'>Verify notepad in mobile is able to write</td>
										<td><span class='test-status Fail'>Fail</span></td>
									</tr>
								</tbody>
							</table>
						</div>
					</div>
				</li>
				<li class='category displayed active'>
					<div class='category-heading'>
						<span class='category-name'>@Regression</span>
						<span class='category-status right'>
						<span class='label fail'>5</span>
						</span>
					</div>
					<div class='category-content hide'>
						<div class='category-status-counts'>
							
							<span status="fail" class='label red lighten-1 white-text'>Failed: 5</span>
							
						</div>
						<div class='category-tests'>
							<table class='bordered table-results'>
								<thead>
									<tr>
										<th>Timestamp</th>
										<th>TestName</th>
										<th>Status</th>
									</tr>
								</thead>
								<tbody>
									<tr>
										<td>Dec 10, 2024 14:37:06</td>
										<td class='linked' test-id='2'>To Test IOS Simulator with Page Factory Approach</td>
										<td><span class='test-status Fail'>Fail</span></td>
									</tr>
									<tr>
										<td>Dec 10, 2024 14:37:06</td>
										<td class='linked' test-id='3'>Verify Browser & App Login</td>
										<td><span class='test-status Fail'>Fail</span></td>
									</tr>
									<tr>
										<td>Dec 10, 2024 14:37:06</td>
										<td class='linked' test-id='4'>Verify Statistics section in web browser</td>
										<td><span class='test-status Fail'>Fail</span></td>
									</tr>
									<tr>
										<td>Dec 10, 2024 14:37:06</td>
										<td class='linked' test-id='7'>Verify notepad in mobile is able to write</td>
										<td><span class='test-status Fail'>Fail</span></td>
									</tr>
									<tr>
										<td>Dec 10, 2024 14:37:06</td>
										<td class='linked' test-id='9'>Verify notepad in mobile is able to write</td>
										<td><span class='test-status Fail'>Fail</span></td>
									</tr>
								</tbody>
							</table>
						</div>
					</div>
				</li>
			</ul>
		</div>
	</div>
	<div class='subview-right left'>
		<div class='view-summary'>
			<h5 class='category-name'></h5>
		</div>
	</div>
</div>
<!-- category view --><div id='exception-view' class='view hide'>
	<section id='controls'>
		<div class='controls grey lighten-4'>
			<!-- search -->
			<div class='chip transparent' alt='Search Tests' title='Search Tests'>
				<a href="#" class='search-div'>
				<i class='material-icons'>search</i> Search
				</a>
				<div class='input-field left hide'>
					<input id='search-tests' type='text' class='validate browser-default' placeholder='Search Tests...'>
				</div>
			</div>
			<!-- search -->
		</div>
	</section>
	<div class='subview-left left'>
		<div class='view-summary'>
			<ul id='exception-collection' class='exception-collection'>
				<li class='exception displayed active'>
					<div class='exception-heading'>
						<span class='exception-name'>java.lang.NullPointerException</span>
						<span class='exception-count right'><span class='label red lighten-1 white-text'>4</span></span>
					</div>
					<div class='exception-content hide'>
						<div class='exception-tests'>
							<table class='bordered table-results'>
								<thead>
									<tr>
										<th>Timestamp</th>
										<th>TestName</th>
										<th>StackTrace</th>
									</tr>
								</thead>
								<tbody>
									<tr>
										<td>Dec 10, 2024 14:37:27</td>
										<td class='linked' test-id='18'>workDirectory.stepDefinitions.Hooks.takeScreenshotEveryStep()</td>
										<td>
											<textarea disabled class="code-block">java.lang.NullPointerException: Cannot invoke "String.equals(Object)" because the return value of "java.util.Properties.getProperty(String)" is null
	at workDirectory.stepDefinitions.Hooks.takeScreenshotEveryStep(Hooks.java:35)
</textarea>
										</td>
									</tr>
									<tr>
										<td>Dec 10, 2024 14:37:27</td>
										<td class='linked' test-id='19'>workDirectory.stepDefinitions.Hooks.takeScreenshotEveryStep()</td>
										<td>
											<textarea disabled class="code-block">java.lang.NullPointerException: Cannot invoke "String.equals(Object)" because the return value of "java.util.Properties.getProperty(String)" is null
	at workDirectory.stepDefinitions.Hooks.takeScreenshotEveryStep(Hooks.java:35)
</textarea>
										</td>
									</tr>
									<tr>
										<td>Dec 10, 2024 14:37:27</td>
										<td class='linked' test-id='51'>workDirectory.stepDefinitions.Hooks.takeScreenshotIfFailed(io.cucumber.java.Scenario)</td>
										<td>
											<textarea disabled class="code-block">java.lang.NullPointerException: Cannot invoke "String.equals(Object)" because the return value of "java.util.Properties.getProperty(String)" is null
	at workDirectory.stepDefinitions.Hooks.takeScreenshotEveryStep(Hooks.java:35)
</textarea>
										</td>
									</tr>
									<tr>
										<td>Dec 10, 2024 14:37:27</td>
										<td class='linked' test-id='60'>workDirectory.stepDefinitions.Hooks.takeScreenshotIfFailed(io.cucumber.java.Scenario)</td>
										<td>
											<textarea disabled class="code-block">java.lang.NullPointerException: Cannot invoke "String.equals(Object)" because the return value of "java.util.Properties.getProperty(String)" is null
	at workDirectory.stepDefinitions.Hooks.takeScreenshotEveryStep(Hooks.java:35)
</textarea>
										</td>
									</tr>
								</tbody>
							</table>
						</div>
					</div>
				</li>
				<li class='exception displayed active'>
					<div class='exception-heading'>
						<span class='exception-name'>org.openqa.selenium.TimeoutException</span>
						<span class='exception-count right'><span class='label red lighten-1 white-text'>1</span></span>
					</div>
					<div class='exception-content hide'>
						<div class='exception-tests'>
							<table class='bordered table-results'>
								<thead>
									<tr>
										<th>Timestamp</th>
										<th>TestName</th>
										<th>StackTrace</th>
									</tr>
								</thead>
								<tbody>
									<tr>
										<td>Dec 10, 2024 14:38:31</td>
										<td class='linked' test-id='70'>Then click Allow Access</td>
										<td>
											<textarea disabled class="code-block">org.openqa.selenium.TimeoutException: Expected condition failed: waiting for visibility of Located by By.chained({By.xpath: //XCUIElementTypeButton[@name="Allow While Using App"]}) (tried for 30 second(s) with 500 milliseconds interval)
	at org.openqa.selenium.support.ui.WebDriverWait.timeoutException(WebDriverWait.java:84)
	at org.openqa.selenium.support.ui.FluentWait.until(FluentWait.java:228)
	at builds.actions.MobileActions.waitElement(MobileActions.java:76)
	at builds.actions.MobileActions.click(MobileActions.java:34)
	at workDirectory.stepDefinitions.NotePadStepDefinitions.clickAllowAccess(NotePadStepDefinitions.java:95)
	at ✽.click Allow Access(file:///Users/00131018amirulhakim/Documents/com.test%202.framework/src/test/resources/features/Demo%20Features/Demo.feature:14)
Caused by: org.openqa.selenium.NoSuchElementException: Can't locate an element by this strategy: By.chained({By.xpath: //XCUIElementTypeButton[@name="Allow While Using App"]})
	at io.appium.java_client.pagefactory.AppiumElementLocator.findElement(AppiumElementLocator.java:166)
	at io.appium.java_client.pagefactory.interceptors.InterceptorOfASingleElement.call(InterceptorOfASingleElement.java:75)
	at io.appium.java_client.proxy.Interceptor.intercept(Interceptor.java:78)
	at org.openqa.selenium.remote.RemoteWebElement$ByteBuddy$0jVDhYtk.isDisplayed(Unknown Source)
	at org.openqa.selenium.support.ui.ExpectedConditions.elementIfVisible(ExpectedConditions.java:304)
	at org.openqa.selenium.support.ui.ExpectedConditions$10.apply(ExpectedConditions.java:290)
	at org.openqa.selenium.support.ui.ExpectedConditions$10.apply(ExpectedConditions.java:287)
	at org.openqa.selenium.support.ui.FluentWait.until(FluentWait.java:203)
	at builds.actions.MobileActions.waitElement(MobileActions.java:76)
	at builds.actions.MobileActions.click(MobileActions.java:34)
	at workDirectory.stepDefinitions.NotePadStepDefinitions.clickAllowAccess(NotePadStepDefinitions.java:95)
	at java.base/jdk.internal.reflect.NativeMethodAccessorImpl.invoke0(Native Method)
	at java.base/jdk.internal.reflect.NativeMethodAccessorImpl.invoke(NativeMethodAccessorImpl.java:64)
	at java.base/jdk.internal.reflect.DelegatingMethodAccessorImpl.invoke(DelegatingMethodAccessorImpl.java:43)
	at java.base/java.lang.reflect.Method.invoke(Method.java:564)
	at io.cucumber.java.Invoker.doInvoke(Invoker.java:66)
	at io.cucumber.java.Invoker.invoke(Invoker.java:24)
	at io.cucumber.java.AbstractGlueDefinition.invokeMethod(AbstractGlueDefinition.java:47)
	at io.cucumber.java.JavaStepDefinition.execute(JavaStepDefinition.java:29)
	at io.cucumber.core.runner.CoreStepDefinition.execute(CoreStepDefinition.java:66)
	at io.cucumber.core.runner.PickleStepDefinitionMatch.runStep(PickleStepDefinitionMatch.java:63)
	at io.cucumber.core.runner.ExecutionMode$1.execute(ExecutionMode.java:10)
	at io.cucumber.core.runner.TestStep.executeStep(TestStep.java:86)
	at io.cucumber.core.runner.TestStep.run(TestStep.java:57)
	at io.cucumber.core.runner.PickleStepTestStep.run(PickleStepTestStep.java:51)
	at io.cucumber.core.runner.TestCase.run(TestCase.java:95)
	at io.cucumber.core.runner.Runner.runPickle(Runner.java:75)
	at io.cucumber.testng.TestNGCucumberRunner.lambda$runScenario$1(TestNGCucumberRunner.java:132)
	at io.cucumber.core.runtime.CucumberExecutionContext.lambda$runTestCase$3(CucumberExecutionContext.java:151)
	at io.cucumber.core.runtime.RethrowingThrowableCollector.executeAndThrow(RethrowingThrowableCollector.java:23)
	at io.cucumber.core.runtime.CucumberExecutionContext.runTestCase(CucumberExecutionContext.java:151)
	at io.cucumber.testng.TestNGCucumberRunner.runScenario(TestNGCucumberRunner.java:129)
	at io.cucumber.testng.AbstractTestNGCucumberTests.runScenario(AbstractTestNGCucumberTests.java:35)
	at java.base/jdk.internal.reflect.NativeMethodAccessorImpl.invoke0(Native Method)
	at java.base/jdk.internal.reflect.NativeMethodAccessorImpl.invoke(NativeMethodAccessorImpl.java:64)
	at java.base/jdk.internal.reflect.DelegatingMethodAccessorImpl.invoke(DelegatingMethodAccessorImpl.java:43)
	at java.base/java.lang.reflect.Method.invoke(Method.java:564)
	at org.testng.internal.invokers.MethodInvocationHelper.invokeMethod(MethodInvocationHelper.java:141)
	at org.testng.internal.invokers.TestInvoker.invokeMethod(TestInvoker.java:686)
	at org.testng.internal.invokers.TestInvoker.invokeTestMethod(TestInvoker.java:230)
	at org.testng.internal.invokers.TestMethodWithDataProviderMethodWorker.call(TestMethodWithDataProviderMethodWorker.java:81)
	at org.testng.internal.thread.Async$AsyncTask.run(Async.java:34)
	at java.base/java.util.concurrent.ThreadPoolExecutor.runWorker(ThreadPoolExecutor.java:1130)
	at java.base/java.util.concurrent.ThreadPoolExecutor$Worker.run(ThreadPoolExecutor.java:630)
	at java.base/java.lang.Thread.run(Thread.java:832)
Caused by: org.openqa.selenium.TimeoutException: Expected condition failed: waiting for io.appium.java_client.pagefactory.AppiumElementLocator$WaitingFunction@24eff323 (tried for 30 second(s) with 500 milliseconds interval)
	at org.openqa.selenium.support.ui.FluentWait.timeoutException(FluentWait.java:265)
	at org.openqa.selenium.support.ui.FluentWait.until(FluentWait.java:228)
	at io.appium.java_client.pagefactory.AppiumElementLocator.waitFor(AppiumElementLocator.java:135)
	at io.appium.java_client.pagefactory.AppiumElementLocator.findElement(AppiumElementLocator.java:160)
	... 44 more
Caused by: org.openqa.selenium.NoSuchElementException: Cannot locate an element using By.chained({By.xpath: //XCUIElementTypeButton[@name="Allow While Using App"]})
For documentation on this error, please visit: https://www.selenium.dev/documentation/webdriver/troubleshooting/errors#no-such-element-exception
Build info: version: '4.27.0', revision: 'd6e718d134'
System info: os.name: 'Mac OS X', os.arch: 'x86_64', os.version: '10.16', java.version: '15.0.2'
Driver info: driver.version: RemoteWebDriver
	at io.appium.java_client.pagefactory.bys.builder.ByChained.findElement(ByChained.java:74)
	at org.openqa.selenium.remote.ElementLocation$ElementFinder$1.findElement(ElementLocation.java:139)
	at org.openqa.selenium.remote.ElementLocation.findElement(ElementLocation.java:59)
	at org.openqa.selenium.remote.RemoteWebDriver.findElement(RemoteWebDriver.java:368)
	at org.openqa.selenium.remote.RemoteWebDriver.findElement(RemoteWebDriver.java:362)
	at io.appium.java_client.pagefactory.bys.ContentMappedBy.findElement(ContentMappedBy.java:54)
	at org.openqa.selenium.remote.ElementLocation$ElementFinder$1.findElement(ElementLocation.java:139)
	at org.openqa.selenium.remote.ElementLocation.findElement(ElementLocation.java:59)
	at org.openqa.selenium.remote.RemoteWebDriver.findElement(RemoteWebDriver.java:368)
	at org.openqa.selenium.remote.RemoteWebDriver.findElement(RemoteWebDriver.java:362)
	at io.appium.java_client.pagefactory.AppiumElementLocator.lambda$findElement$1(AppiumElementLocator.java:160)
	at io.appium.java_client.pagefactory.AppiumElementLocator$WaitingFunction.apply(AppiumElementLocator.java:217)
	at io.appium.java_client.pagefactory.AppiumElementLocator$WaitingFunction.apply(AppiumElementLocator.java:210)
	at org.openqa.selenium.support.ui.FluentWait.until(FluentWait.java:203)
	... 46 more
</textarea>
										</td>
									</tr>
								</tbody>
							</table>
						</div>
					</div>
				</li>
				<li class='exception displayed active'>
					<div class='exception-heading'>
						<span class='exception-name'>org.openqa.selenium.SessionNotCreatedException</span>
						<span class='exception-count right'><span class='label red lighten-1 white-text'>2</span></span>
					</div>
					<div class='exception-content hide'>
						<div class='exception-tests'>
							<table class='bordered table-results'>
								<thead>
									<tr>
										<th>Timestamp</th>
										<th>TestName</th>
										<th>StackTrace</th>
									</tr>
								</thead>
								<tbody>
									<tr>
										<td>Dec 10, 2024 14:37:06</td>
										<td class='linked' test-id='16'>Given launch the mobile apps and open notepad</td>
										<td>
											<textarea disabled class="code-block">org.openqa.selenium.SessionNotCreatedException: Could not start a new session. Response code 500. Message: An unknown server-side error occurred while processing the command. Original error: Could not find a connected Android device in 20097ms. 
Host info: host: '00131018s-MacBook-Pro.local', ip: '2001:d08:d4:8a64:4969:4d39:a596:c8a0%en0'
Build info: version: '4.27.0', revision: 'd6e718d134'
System info: os.name: 'Mac OS X', os.arch: 'x86_64', os.version: '10.16', java.version: '15.0.2'
Driver info: io.appium.java_client.android.AndroidDriver
Command: [null, newSession {capabilities=[Capabilities {appium:app: /Users/00131018amirulhakim/..., appium:appActivity: com.atomczak.notepat.MainAc..., appium:appPackage: com.atomczak.notepat, appium:automationName: uiautomator2, appium:fullReset: true, appium:newCommandTimeout: 300, appium:noReset: false, appium:resetKeyboard: true, appium:udid: emulator-5554, appium:uiautomator2ServerLaunchTimeout: 300000, appium:unicodeKeyboard: true, platformName: ANDROID}]}]
Capabilities {appium:app: /Users/00131018amirulhakim/..., appium:appActivity: com.atomczak.notepat.MainAc..., appium:appPackage: com.atomczak.notepat, appium:automationName: uiautomator2, appium:fullReset: true, appium:newCommandTimeout: 300, appium:noReset: false, appium:resetKeyboard: true, appium:udid: emulator-5554, appium:uiautomator2ServerLaunchTimeout: 300000, appium:unicodeKeyboard: true, platformName: ANDROID}
	at org.openqa.selenium.remote.ProtocolHandshake.createSession(ProtocolHandshake.java:114)
	at org.openqa.selenium.remote.ProtocolHandshake.createSession(ProtocolHandshake.java:75)
	at org.openqa.selenium.remote.ProtocolHandshake.createSession(ProtocolHandshake.java:61)
	at io.appium.java_client.remote.AppiumCommandExecutor.createSession(AppiumCommandExecutor.java:176)
	at io.appium.java_client.remote.AppiumCommandExecutor.execute(AppiumCommandExecutor.java:237)
	at org.openqa.selenium.remote.RemoteWebDriver.execute(RemoteWebDriver.java:545)
	at io.appium.java_client.AppiumDriver.startSession(AppiumDriver.java:270)
	at org.openqa.selenium.remote.RemoteWebDriver.<init>(RemoteWebDriver.java:174)
	at io.appium.java_client.AppiumDriver.<init>(AppiumDriver.java:91)
	at io.appium.java_client.AppiumDriver.<init>(AppiumDriver.java:103)
	at io.appium.java_client.android.AndroidDriver.<init>(AndroidDriver.java:109)
	at builds.utilities.BaseTest.androidSetup(BaseTest.java:83)
	at workDirectory.stepDefinitions.NotePadStepDefinitions.NotePadStepDefinitions(NotePadStepDefinitions.java:27)
	at ✽.launch the mobile apps and open notepad(file:///Users/00131018amirulhakim/Documents/com.test%202.framework/src/test/resources/features/Demo%20Features/Demo.feature:18)
</textarea>
										</td>
									</tr>
									<tr>
										<td>Dec 10, 2024 14:37:06</td>
										<td class='linked' test-id='14'>Given launch the mobile apps and open notepad</td>
										<td>
											<textarea disabled class="code-block">org.openqa.selenium.SessionNotCreatedException: Could not start a new session. Response code 500. Message: An unknown server-side error occurred while processing the command. Original error: Could not find a connected Android device in 20097ms. 
Host info: host: '00131018s-MacBook-Pro.local', ip: '2001:d08:d4:8a64:4969:4d39:a596:c8a0%en0'
Build info: version: '4.27.0', revision: 'd6e718d134'
System info: os.name: 'Mac OS X', os.arch: 'x86_64', os.version: '10.16', java.version: '15.0.2'
Driver info: io.appium.java_client.android.AndroidDriver
Command: [null, newSession {capabilities=[Capabilities {appium:app: /Users/00131018amirulhakim/..., appium:appActivity: com.atomczak.notepat.MainAc..., appium:appPackage: com.atomczak.notepat, appium:automationName: uiautomator2, appium:fullReset: true, appium:newCommandTimeout: 300, appium:noReset: false, appium:resetKeyboard: true, appium:udid: emulator-5554, appium:uiautomator2ServerLaunchTimeout: 300000, appium:unicodeKeyboard: true, platformName: ANDROID}]}]
Capabilities {appium:app: /Users/00131018amirulhakim/..., appium:appActivity: com.atomczak.notepat.MainAc..., appium:appPackage: com.atomczak.notepat, appium:automationName: uiautomator2, appium:fullReset: true, appium:newCommandTimeout: 300, appium:noReset: false, appium:resetKeyboard: true, appium:udid: emulator-5554, appium:uiautomator2ServerLaunchTimeout: 300000, appium:unicodeKeyboard: true, platformName: ANDROID}
	at org.openqa.selenium.remote.ProtocolHandshake.createSession(ProtocolHandshake.java:114)
	at org.openqa.selenium.remote.ProtocolHandshake.createSession(ProtocolHandshake.java:75)
	at org.openqa.selenium.remote.ProtocolHandshake.createSession(ProtocolHandshake.java:61)
	at io.appium.java_client.remote.AppiumCommandExecutor.createSession(AppiumCommandExecutor.java:176)
	at io.appium.java_client.remote.AppiumCommandExecutor.execute(AppiumCommandExecutor.java:237)
	at org.openqa.selenium.remote.RemoteWebDriver.execute(RemoteWebDriver.java:545)
	at io.appium.java_client.AppiumDriver.startSession(AppiumDriver.java:270)
	at org.openqa.selenium.remote.RemoteWebDriver.<init>(RemoteWebDriver.java:174)
	at io.appium.java_client.AppiumDriver.<init>(AppiumDriver.java:91)
	at io.appium.java_client.AppiumDriver.<init>(AppiumDriver.java:103)
	at io.appium.java_client.android.AndroidDriver.<init>(AndroidDriver.java:109)
	at builds.utilities.BaseTest.androidSetup(BaseTest.java:83)
	at workDirectory.stepDefinitions.NotePadStepDefinitions.NotePadStepDefinitions(NotePadStepDefinitions.java:27)
	at ✽.launch the mobile apps and open notepad(file:///Users/00131018amirulhakim/Documents/com.test%202.framework/src/test/resources/features/Demo%20Features/Demo.feature:18)
</textarea>
										</td>
									</tr>
								</tbody>
							</table>
						</div>
					</div>
				</li>
				<li class='exception displayed active'>
					<div class='exception-heading'>
						<span class='exception-name'>java.lang.AssertionError</span>
						<span class='exception-count right'><span class='label red lighten-1 white-text'>2</span></span>
					</div>
					<div class='exception-content hide'>
						<div class='exception-tests'>
							<table class='bordered table-results'>
								<thead>
									<tr>
										<th>Timestamp</th>
										<th>TestName</th>
										<th>StackTrace</th>
									</tr>
								</thead>
								<tbody>
									<tr>
										<td>Dec 10, 2024 14:38:40</td>
										<td class='linked' test-id='73'>Then assert page title is "covid-19 stats malaysia - Google Search"</td>
										<td>
											<textarea disabled class="code-block">java.lang.AssertionError: expected [covid-19 stats malaysia - Google Search] but found [covid-19 stats malaysiacovid-19 stats malaysia - Google Search]
	at org.testng.Assert.fail(Assert.java:111)
	at org.testng.Assert.failNotEquals(Assert.java:1578)
	at org.testng.Assert.assertEqualsImpl(Assert.java:150)
	at org.testng.Assert.assertEquals(Assert.java:132)
	at org.testng.Assert.assertEquals(Assert.java:656)
	at org.testng.Assert.assertEquals(Assert.java:666)
	at builds.actions.BrowserActions.assertPageTitle(BrowserActions.java:139)
	at workDirectory.stepDefinitions.GooglePageStepDefinition.assertPageTitleIs(GooglePageStepDefinition.java:32)
	at ✽.assert page title is "covid-19 stats malaysia - Google Search"(file:///Users/00131018amirulhakim/Documents/com.test%202.framework/src/test/resources/features/Demo%20Features/Demo.feature:8)
</textarea>
										</td>
									</tr>
									<tr>
										<td>Dec 10, 2024 14:38:44</td>
										<td class='linked' test-id='75'>Then assert page title is "covid-19 stats malaysia - Google Search"</td>
										<td>
											<textarea disabled class="code-block">java.lang.AssertionError: expected [covid-19 stats malaysia - Google Search] but found [covid-19 stats malaysiacovid-19 stats malaysia - Google Search]
	at org.testng.Assert.fail(Assert.java:111)
	at org.testng.Assert.failNotEquals(Assert.java:1578)
	at org.testng.Assert.assertEqualsImpl(Assert.java:150)
	at org.testng.Assert.assertEquals(Assert.java:132)
	at org.testng.Assert.assertEquals(Assert.java:656)
	at org.testng.Assert.assertEquals(Assert.java:666)
	at builds.actions.BrowserActions.assertPageTitle(BrowserActions.java:139)
	at workDirectory.stepDefinitions.GooglePageStepDefinition.assertPageTitleIs(GooglePageStepDefinition.java:32)
	at ✽.assert page title is "covid-19 stats malaysia - Google Search"(file:///Users/00131018amirulhakim/Documents/com.test%202.framework/src/test/resources/features/Demo%20Features/Demo.feature:8)
</textarea>
										</td>
									</tr>
								</tbody>
							</table>
						</div>
					</div>
				</li>
				<li class='exception displayed active'>
					<div class='exception-heading'>
						<span class='exception-name'>java.lang.IllegalStateException</span>
						<span class='exception-count right'><span class='label red lighten-1 white-text'>2</span></span>
					</div>
					<div class='exception-content hide'>
						<div class='exception-tests'>
							<table class='bordered table-results'>
								<thead>
									<tr>
										<th>Timestamp</th>
										<th>TestName</th>
										<th>StackTrace</th>
									</tr>
								</thead>
								<tbody>
									<tr>
										<td>Dec 10, 2024 14:39:03</td>
										<td class='linked' test-id='107'>workDirectory.stepDefinitions.Hooks.takeScreenshotEveryStep()</td>
										<td>
											<textarea disabled class="code-block">java.lang.IllegalStateException: You can not use Scenario.log or Scenario.attach when a step is not being executed
	at io.cucumber.core.runner.TestCaseState.requireActiveTestStep(TestCaseState.java:164)
	at io.cucumber.core.runner.TestCaseState.attach(TestCaseState.java:73)
	at io.cucumber.java.Scenario.attach(Scenario.java:78)
	at builds.actions.MobileActions.screenshot(MobileActions.java:81)
	at workDirectory.stepDefinitions.Hooks.takeScreenshotEveryStep(Hooks.java:42)
</textarea>
										</td>
									</tr>
									<tr>
										<td>Dec 10, 2024 14:39:03</td>
										<td class='linked' test-id='108'>workDirectory.stepDefinitions.Hooks.takeScreenshotIfFailed(io.cucumber.java.Scenario)</td>
										<td>
											<textarea disabled class="code-block">java.lang.IllegalStateException: You can not use Scenario.log or Scenario.attach when a step is not being executed
	at io.cucumber.core.runner.TestCaseState.requireActiveTestStep(TestCaseState.java:164)
	at io.cucumber.core.runner.TestCaseState.attach(TestCaseState.java:73)
	at io.cucumber.java.Scenario.attach(Scenario.java:78)
	at builds.actions.MobileActions.screenshot(MobileActions.java:81)
	at workDirectory.stepDefinitions.Hooks.takeScreenshotEveryStep(Hooks.java:42)
</textarea>
										</td>
									</tr>
								</tbody>
							</table>
						</div>
					</div>
				</li>
			</ul>
		</div>
	</div>
	<div class='subview-right left'>
		<div class='view-summary'>
			<h5 class='exception-name'></h5>
		</div>
	</div>
</div>
<!-- exception view --><div id='dashboard-view' class='view hide'>
	<div class='card-panel transparent np-v'>
		<h5>Dashboard</h5>

		<div class='row'>
			<div class='col s2'>
				<div class='card-panel r'>
					Features
					<div class='panel-lead'>1</div>
				</div>
			</div>
			<div class='col s2'>
				<div class='card-panel r'>
					Scenarios
					<div class='panel-lead'>5</div>
				</div>
			</div>
			<div class='col s2'>
				<div class='card-panel r'>
					Steps
					<div class='panel-lead'>47</div>
				</div>
			</div>
			<div class='col s2'>
				<div class='card-panel r'>
					Start
					<div class='panel-lead'>Dec 10, 2024 14:37:05</div>
				</div>
			</div>
			<div class='col s2'>
				<div class='card-panel r'>
			 		End
			 		<div class='panel-lead'>Dec 10, 2024 14:39:03</div>
				</div>
			</div>
			<div class='col s2'>
				<div class='card-panel r'>
					Time Taken
					<div class='panel-lead'>00 01 58.066</div>
				</div>
			</div>
			<div class='col s4'>
				<div class='card-panel dashboard-environment'>
					<span class='right label cyan white-text'>Environment</span><p>&nbsp;</p>
					
					<table>
						<tr>
							<th>Name</th>
							<th>Value</th>
						</tr>
							<tr>
								<td>TestEngineer</td>
								<td>Amirul Hakim</td>
							</tr>
							<tr>
								<td>Project</td>
								<td>Cucumber Demo Framework</td>
							</tr>
							<tr>
								<td>OS</td>
								<td>Mac OS</td>
							</tr>
					</table>
				</div>
			</div>
			<div class='col s6'>
				<div class='card-panel dashboard-categories'>
					<span class='right label cyan white-text'>Categories</span><p>&nbsp;</p>
					
					<table>
						<tr>
							<th>Name</th>
							<th>Passed</th>
							<th>Failed</th>
							<th>Skipped</th>
							<th>Passed %</th>
						</tr>
						<tr>
							<td>@Test1</td>
							<td>0</td>
							<td>5</td>
							<td>0</td>
							<td>
									0%
							</td>
						</tr>
						<tr>
							<td>@Regression</td>
							<td>0</td>
							<td>5</td>
							<td>0</td>
							<td>
									0%
							</td>
						</tr>
					</table>
				</div>
			</div>
		</div>
	</div>
</div>
<!-- dashboard view -->
		</div>
		<!-- container -->
		<script>
			var statusGroup = {
                parentCount: 1,
				passParent: 0,
				failParent: 1,
				fatalParent: 0,
				errorParent: 0,
				warningParent: 0,
				skipParent: 0,
				childCount: 5,
				passChild: 0,
				failChild: 5,
				fatalChild: 0,
				errorChild: 0,
				warningChild: 0,
				skipChild: 0,
				infoChild: 0,
				grandChildCount: 47,
				passGrandChild: 14,
				failGrandChild: 11,
				fatalGrandChild: 0,
				errorGrandChild: 0,
				warningGrandChild: 0,
				skipGrandChild: 22,
				infoGrandChild: 0,
			};
			</script>
		
		<script>
			var timeline = {
			        "Demo Feature":116.996
			};
		</script>
		
		  <script src='https://cdn.jsdelivr.net/gh/extent-framework/extent-github-cdn@ff53917fbbdb5ef820abbbe4d199a6942dc771ff/v3html/js/extent.js' type='text/javascript'></script>
		
		
		<script type='text/javascript'>
				
		</script> 

	</body>
</html>