<!DOCTYPE html>

<html>
  <head>
  <meta charset='utf-8'>
  <title>TestNG reports</title>

    <link type="text/css" href="testng-reports1.css" rel="stylesheet" id="ultra" />
    <link type="text/css" href="testng-reports.css" rel="stylesheet" id="retro" disabled="false"/>
    <script type="text/javascript" src="jquery-3.6.0.min.js"></script>
    <script type="text/javascript" src="testng-reports.js"></script>
    <script type="text/javascript" src="https://www.google.com/jsapi"></script>
    <script type='text/javascript'>
      google.load('visualization', '1', {packages:['table']});
      google.setOnLoadCallback(drawTable);
      var suiteTableInitFunctions = new Array();
      var suiteTableData = new Array();
    </script>
    <!--
      <script type="text/javascript" src="jquery-ui/js/jquery-ui-1.8.16.custom.min.js"></script>
     -->
  </head>

  <body>    <div class="top-banner-root">
      <span class="top-banner-title-font">Test results</span>
      <button id="button" class="button">Switch Retro Theme</button> <!-- button -->
      <br/>
      <span class="top-banner-font-1">1 suite, 5 failed tests</span>
    </div> <!-- top-banner-root -->
    <div class="navigator-root">
      <div class="navigator-suite-header">
        <span>All suites</span>
        <a href="#" title="Collapse/expand all the suites" class="collapse-all-link">
          <img src="collapseall.gif" class="collapse-all-icon">
          </img> <!-- collapse-all-icon -->
        </a> <!-- collapse-all-link -->
      </div> <!-- navigator-suite-header -->
      <div class="suite">
        <div class="rounded-window">
          <div class="suite-header light-rounded-window-top">
            <a href="#" panel-name="suite-Cucumber_Demo_Framework" class="navigator-link">
              <span class="suite-name border-failed">Cucumber Demo Framework</span>
            </a> <!-- navigator-link -->
          </div> <!-- suite-header light-rounded-window-top -->
          <div class="navigator-suite-content">
            <div class="suite-section-title">
              <span>Info</span>
            </div> <!-- suite-section-title -->
            <div class="suite-section-content">
              <ul>
                <li>
                  <a href="#" panel-name="test-xml-Cucumber_Demo_Framework" class="navigator-link ">
                    <span>testng.xml</span>
                  </a> <!-- navigator-link  -->
                </li>
                <li>
                  <a href="#" panel-name="testlist-Cucumber_Demo_Framework" class="navigator-link ">
                    <span class="test-stats">1 test</span>
                  </a> <!-- navigator-link  -->
                </li>
                <li>
                  <a href="#" panel-name="group-Cucumber_Demo_Framework" class="navigator-link ">
                    <span>1 group</span>
                  </a> <!-- navigator-link  -->
                </li>
                <li>
                  <a href="#" panel-name="times-Cucumber_Demo_Framework" class="navigator-link ">
                    <span>Times</span>
                  </a> <!-- navigator-link  -->
                </li>
                <li>
                  <a href="#" panel-name="reporter-Cucumber_Demo_Framework" class="navigator-link ">
                    <span>Reporter output</span>
                  </a> <!-- navigator-link  -->
                </li>
                <li>
                  <a href="#" panel-name="ignored-methods-Cucumber_Demo_Framework" class="navigator-link ">
                    <span>Ignored methods</span>
                  </a> <!-- navigator-link  -->
                </li>
                <li>
                  <a href="#" panel-name="chronological-Cucumber_Demo_Framework" class="navigator-link ">
                    <span>Chronological view</span>
                  </a> <!-- navigator-link  -->
                </li>
              </ul>
            </div> <!-- suite-section-content -->
            <div class="result-section">
              <div class="suite-section-title">
                <span>Results</span>
              </div> <!-- suite-section-title -->
              <div class="suite-section-content">
                <ul>
                  <li>
                    <span class="method-stats">5 methods, 5 failed,   </span>
                  </li>
                  <li>
                    <span class="method-list-title failed">Failed methods</span>
                    <span class="show-or-hide-methods failed">
                      <a href="#" panel-name="suite-Cucumber_Demo_Framework" class="hide-methods failed suite-Cucumber_Demo_Framework"> (hide)</a> <!-- hide-methods failed suite-Cucumber_Demo_Framework -->
                      <a href="#" panel-name="suite-Cucumber_Demo_Framework" class="show-methods failed suite-Cucumber_Demo_Framework"> (show)</a> <!-- show-methods failed suite-Cucumber_Demo_Framework -->
                    </span>
                    <div class="method-list-content failed suite-Cucumber_Demo_Framework">
                      <span>
                        <img src="failed.png" width="3%"/>
                        <a href="#" panel-name="suite-Cucumber_Demo_Framework" title="builds.main.CucumberRun$TestRunner" class="method navigator-link" hash-for-method="runScenario(&quot;Verify notepad in mobile is able to write&quot;, &quot;Optional[Demo Feature]&quot;)">runScenario("Verify notepad in mobile is able to write", "Optional[Demo Feature]")</a> <!-- method navigator-link -->
                      </span>
                      <br/>
                      <span>
                        <img src="failed.png" width="3%"/>
                        <a href="#" panel-name="suite-Cucumber_Demo_Framework" title="builds.main.CucumberRun$TestRunner" class="method navigator-link" hash-for-method="runScenario(&quot;Verify Browser &amp; App Login&quot;, &quot;Optional[Demo Feature]&quot;)">runScenario("Verify Browser & App Login", "Optional[Demo Feature]")</a> <!-- method navigator-link -->
                      </span>
                      <br/>
                      <span>
                        <img src="failed.png" width="3%"/>
                        <a href="#" panel-name="suite-Cucumber_Demo_Framework" title="builds.main.CucumberRun$TestRunner" class="method navigator-link" hash-for-method="runScenario(&quot;Verify Statistics section in web browser&quot;, &quot;Optional[Demo Feature]&quot;)">runScenario("Verify Statistics section in web browser", "Optional[Demo Feature]")</a> <!-- method navigator-link -->
                      </span>
                      <br/>
                      <span>
                        <img src="failed.png" width="3%"/>
                        <a href="#" panel-name="suite-Cucumber_Demo_Framework" title="builds.main.CucumberRun$TestRunner" class="method navigator-link" hash-for-method="runScenario(&quot;Verify notepad in mobile is able to write&quot;, &quot;Optional[Demo Feature]&quot;)">runScenario("Verify notepad in mobile is able to write", "Optional[Demo Feature]")</a> <!-- method navigator-link -->
                      </span>
                      <br/>
                      <span>
                        <img src="failed.png" width="3%"/>
                        <a href="#" panel-name="suite-Cucumber_Demo_Framework" title="builds.main.CucumberRun$TestRunner" class="method navigator-link" hash-for-method="runScenario(&quot;To Test IOS Simulator with Page Factory Approach&quot;, &quot;Optional[Demo Feature]&quot;)">runScenario("To Test IOS Simulator with Page Factory Approach", "Optional[Demo Feature]")</a> <!-- method navigator-link -->
                      </span>
                      <br/>
                    </div> <!-- method-list-content failed suite-Cucumber_Demo_Framework -->
                  </li>
                </ul>
              </div> <!-- suite-section-content -->
            </div> <!-- result-section -->
          </div> <!-- navigator-suite-content -->
        </div> <!-- rounded-window -->
      </div> <!-- suite -->
    </div> <!-- navigator-root -->
    <div class="wrapper">
      <div class="main-panel-root">
        <div panel-name="suite-Cucumber_Demo_Framework" class="panel Cucumber_Demo_Framework">
          <div class="suite-Cucumber_Demo_Framework-class-failed">
            <div class="main-panel-header rounded-window-top">
              <img src="failed.png"/>
              <span class="class-name">builds.main.CucumberRun$TestRunner</span>
            </div> <!-- main-panel-header rounded-window-top -->
            <div class="main-panel-content rounded-window-bottom">
              <div class="method">
                <div class="method-content">
                  <a name="runScenario(&quot;Verify notepad in mobile is able to write&quot;, &quot;Optional[Demo Feature]&quot;)">
                  </a> <!-- runScenario("Verify notepad in mobile is able to write", "Optional[Demo Feature]") -->
                  <span class="method-name">runScenario</span>
                  <span class="parameters">("Verify notepad in mobile is able to write","Optional[Demo Feature]")</span>
                  <div class="stack-trace">org.openqa.selenium.SessionNotCreatedException: Could not start a new session. Response code 500. Message: An unknown server-side error occurred while processing the command. Original error: Could not find a connected Android device in 20097ms. 
Host info: host: &apos;00131018s-MacBook-Pro.local&apos;, ip: &apos;2001:d08:d4:8a64:4969:4d39:a596:c8a0%en0&apos;
Build info: version: &apos;4.27.0&apos;, revision: &apos;d6e718d134&apos;
System info: os.name: &apos;Mac OS X&apos;, os.arch: &apos;x86_64&apos;, os.version: &apos;10.16&apos;, java.version: &apos;15.0.2&apos;
Driver info: io.appium.java_client.android.AndroidDriver
Command: [null, newSession {capabilities=[Capabilities {appium:app: /Users/00131018amirulhakim/..., appium:appActivity: com.atomczak.notepat.MainAc..., appium:appPackage: com.atomczak.notepat, appium:automationName: uiautomator2, appium:fullReset: true, appium:newCommandTimeout: 300, appium:noReset: false, appium:resetKeyboard: true, appium:udid: emulator-5554, appium:uiautomator2ServerLaunchTimeout: 300000, appium:unicodeKeyboard: true, platformName: ANDROID}]}]
Capabilities {appium:app: /Users/00131018amirulhakim/..., appium:appActivity: com.atomczak.notepat.MainAc..., appium:appPackage: com.atomczak.notepat, appium:automationName: uiautomator2, appium:fullReset: true, appium:newCommandTimeout: 300, appium:noReset: false, appium:resetKeyboard: true, appium:udid: emulator-5554, appium:uiautomator2ServerLaunchTimeout: 300000, appium:unicodeKeyboard: true, platformName: ANDROID}
	at org.openqa.selenium.remote.ProtocolHandshake.createSession(ProtocolHandshake.java:114)
	at org.openqa.selenium.remote.ProtocolHandshake.createSession(ProtocolHandshake.java:75)
	at org.openqa.selenium.remote.ProtocolHandshake.createSession(ProtocolHandshake.java:61)
	at io.appium.java_client.remote.AppiumCommandExecutor.createSession(AppiumCommandExecutor.java:176)
	at io.appium.java_client.remote.AppiumCommandExecutor.execute(AppiumCommandExecutor.java:237)
	at org.openqa.selenium.remote.RemoteWebDriver.execute(RemoteWebDriver.java:545)
	at io.appium.java_client.AppiumDriver.startSession(AppiumDriver.java:270)
	at org.openqa.selenium.remote.RemoteWebDriver.&lt;init&gt;(RemoteWebDriver.java:174)
	at io.appium.java_client.AppiumDriver.&lt;init&gt;(AppiumDriver.java:91)
	at io.appium.java_client.AppiumDriver.&lt;init&gt;(AppiumDriver.java:103)
	at io.appium.java_client.android.AndroidDriver.&lt;init&gt;(AndroidDriver.java:109)
	at builds.utilities.BaseTest.androidSetup(BaseTest.java:83)
	at workDirectory.stepDefinitions.NotePadStepDefinitions.NotePadStepDefinitions(NotePadStepDefinitions.java:27)
	at ✽.launch the mobile apps and open notepad(file:///Users/00131018amirulhakim/Documents/com.test%202.framework/src/test/resources/features/Demo%20Features/Demo.feature:18)

</div> <!-- stack-trace -->
                  <em>
(Runs Cucumber Scenarios)                  </em>
                </div> <!-- method-content -->
              </div> <!-- method -->
              <div class="method">
                <div class="method-content">
                  <a name="runScenario(&quot;Verify Browser &amp; App Login&quot;, &quot;Optional[Demo Feature]&quot;)">
                  </a> <!-- runScenario("Verify Browser & App Login", "Optional[Demo Feature]") -->
                  <span class="method-name">runScenario</span>
                  <span class="parameters">("Verify Browser & App Login","Optional[Demo Feature]")</span>
                  <div class="stack-trace">java.lang.AssertionError: expected [covid-19 stats malaysia - Google Search] but found [covid-19 stats malaysiacovid-19 stats malaysia - Google Search]
	at builds.actions.BrowserActions.assertPageTitle(BrowserActions.java:139)
	at workDirectory.stepDefinitions.GooglePageStepDefinition.assertPageTitleIs(GooglePageStepDefinition.java:32)
	at ✽.assert page title is &quot;covid-19 stats malaysia - Google Search&quot;(file:///Users/00131018amirulhakim/Documents/com.test%202.framework/src/test/resources/features/Demo%20Features/Demo.feature:48)
... Removed 6 stack frames
</div> <!-- stack-trace -->
                  <em>
(Runs Cucumber Scenarios)                  </em>
                </div> <!-- method-content -->
              </div> <!-- method -->
              <div class="method">
                <div class="method-content">
                  <a name="runScenario(&quot;Verify Statistics section in web browser&quot;, &quot;Optional[Demo Feature]&quot;)">
                  </a> <!-- runScenario("Verify Statistics section in web browser", "Optional[Demo Feature]") -->
                  <span class="method-name">runScenario</span>
                  <span class="parameters">("Verify Statistics section in web browser","Optional[Demo Feature]")</span>
                  <div class="stack-trace">java.lang.AssertionError: expected [covid-19 stats malaysia - Google Search] but found [covid-19 stats malaysiacovid-19 stats malaysia - Google Search]
	at builds.actions.BrowserActions.assertPageTitle(BrowserActions.java:139)
	at workDirectory.stepDefinitions.GooglePageStepDefinition.assertPageTitleIs(GooglePageStepDefinition.java:32)
	at ✽.assert page title is &quot;covid-19 stats malaysia - Google Search&quot;(file:///Users/00131018amirulhakim/Documents/com.test%202.framework/src/test/resources/features/Demo%20Features/Demo.feature:8)
... Removed 6 stack frames
</div> <!-- stack-trace -->
                  <em>
(Runs Cucumber Scenarios)                  </em>
                </div> <!-- method-content -->
              </div> <!-- method -->
              <div class="method">
                <div class="method-content">
                  <a name="runScenario(&quot;Verify notepad in mobile is able to write&quot;, &quot;Optional[Demo Feature]&quot;)">
                  </a> <!-- runScenario("Verify notepad in mobile is able to write", "Optional[Demo Feature]") -->
                  <span class="method-name">runScenario</span>
                  <span class="parameters">("Verify notepad in mobile is able to write","Optional[Demo Feature]")</span>
                  <div class="stack-trace">org.openqa.selenium.SessionNotCreatedException: Could not start a new session. Response code 500. Message: An unknown server-side error occurred while processing the command. Original error: Could not find a connected Android device in 20064ms. 
Host info: host: &apos;00131018s-MacBook-Pro.local&apos;, ip: &apos;2001:d08:d4:8a64:4969:4d39:a596:c8a0%en0&apos;
Build info: version: &apos;4.27.0&apos;, revision: &apos;d6e718d134&apos;
System info: os.name: &apos;Mac OS X&apos;, os.arch: &apos;x86_64&apos;, os.version: &apos;10.16&apos;, java.version: &apos;15.0.2&apos;
Driver info: io.appium.java_client.android.AndroidDriver
Command: [null, newSession {capabilities=[Capabilities {appium:app: /Users/00131018amirulhakim/..., appium:appActivity: com.atomczak.notepat.MainAc..., appium:appPackage: com.atomczak.notepat, appium:automationName: uiautomator2, appium:fullReset: true, appium:newCommandTimeout: 300, appium:noReset: false, appium:resetKeyboard: true, appium:udid: emulator-5554, appium:uiautomator2ServerLaunchTimeout: 300000, appium:unicodeKeyboard: true, platformName: ANDROID}]}]
Capabilities {appium:app: /Users/00131018amirulhakim/..., appium:appActivity: com.atomczak.notepat.MainAc..., appium:appPackage: com.atomczak.notepat, appium:automationName: uiautomator2, appium:fullReset: true, appium:newCommandTimeout: 300, appium:noReset: false, appium:resetKeyboard: true, appium:udid: emulator-5554, appium:uiautomator2ServerLaunchTimeout: 300000, appium:unicodeKeyboard: true, platformName: ANDROID}
	at org.openqa.selenium.remote.ProtocolHandshake.createSession(ProtocolHandshake.java:114)
	at org.openqa.selenium.remote.ProtocolHandshake.createSession(ProtocolHandshake.java:75)
	at org.openqa.selenium.remote.ProtocolHandshake.createSession(ProtocolHandshake.java:61)
	at io.appium.java_client.remote.AppiumCommandExecutor.createSession(AppiumCommandExecutor.java:176)
	at io.appium.java_client.remote.AppiumCommandExecutor.execute(AppiumCommandExecutor.java:237)
	at org.openqa.selenium.remote.RemoteWebDriver.execute(RemoteWebDriver.java:545)
	at io.appium.java_client.AppiumDriver.startSession(AppiumDriver.java:270)
	at org.openqa.selenium.remote.RemoteWebDriver.&lt;init&gt;(RemoteWebDriver.java:174)
	at io.appium.java_client.AppiumDriver.&lt;init&gt;(AppiumDriver.java:91)
	at io.appium.java_client.AppiumDriver.&lt;init&gt;(AppiumDriver.java:103)
	at io.appium.java_client.android.AndroidDriver.&lt;init&gt;(AndroidDriver.java:109)
	at builds.utilities.BaseTest.androidSetup(BaseTest.java:83)
	at workDirectory.stepDefinitions.NotePadStepDefinitions.NotePadStepDefinitions(NotePadStepDefinitions.java:27)
	at ✽.launch the mobile apps and open notepad(file:///Users/00131018amirulhakim/Documents/com.test%202.framework/src/test/resources/features/Demo%20Features/Demo.feature:32)

</div> <!-- stack-trace -->
                  <em>
(Runs Cucumber Scenarios)                  </em>
                </div> <!-- method-content -->
              </div> <!-- method -->
              <div class="method">
                <div class="method-content">
                  <a name="runScenario(&quot;To Test IOS Simulator with Page Factory Approach&quot;, &quot;Optional[Demo Feature]&quot;)">
                  </a> <!-- runScenario("To Test IOS Simulator with Page Factory Approach", "Optional[Demo Feature]") -->
                  <span class="method-name">runScenario</span>
                  <span class="parameters">("To Test IOS Simulator with Page Factory Approach","Optional[Demo Feature]")</span>
                  <div class="stack-trace">org.openqa.selenium.TimeoutException: Expected condition failed: waiting for visibility of Located by By.chained({By.xpath: //XCUIElementTypeButton[@name=&quot;Allow While Using App&quot;]}) (tried for 30 second(s) with 500 milliseconds interval)
	at org.openqa.selenium.support.ui.WebDriverWait.timeoutException(WebDriverWait.java:84)
	at org.openqa.selenium.support.ui.FluentWait.until(FluentWait.java:228)
	at builds.actions.MobileActions.waitElement(MobileActions.java:76)
	at builds.actions.MobileActions.click(MobileActions.java:34)
	at workDirectory.stepDefinitions.NotePadStepDefinitions.clickAllowAccess(NotePadStepDefinitions.java:95)
	at ✽.click Allow Access(file:///Users/00131018amirulhakim/Documents/com.test%202.framework/src/test/resources/features/Demo%20Features/Demo.feature:14)
Caused by: org.openqa.selenium.NoSuchElementException: Can&apos;t locate an element by this strategy: By.chained({By.xpath: //XCUIElementTypeButton[@name=&quot;Allow While Using App&quot;]})
	at io.appium.java_client.pagefactory.AppiumElementLocator.findElement(AppiumElementLocator.java:166)
	at io.appium.java_client.pagefactory.interceptors.InterceptorOfASingleElement.call(InterceptorOfASingleElement.java:75)
	at io.appium.java_client.proxy.Interceptor.intercept(Interceptor.java:78)
	at org.openqa.selenium.remote.RemoteWebElement$ByteBuddy$0jVDhYtk.isDisplayed(Unknown Source)
	at org.openqa.selenium.support.ui.ExpectedConditions.elementIfVisible(ExpectedConditions.java:304)
	at org.openqa.selenium.support.ui.ExpectedConditions$10.apply(ExpectedConditions.java:290)
	at org.openqa.selenium.support.ui.ExpectedConditions$10.apply(ExpectedConditions.java:287)
	at org.openqa.selenium.support.ui.FluentWait.until(FluentWait.java:203)
	at builds.actions.MobileActions.waitElement(MobileActions.java:76)
	at builds.actions.MobileActions.click(MobileActions.java:34)
	at workDirectory.stepDefinitions.NotePadStepDefinitions.clickAllowAccess(NotePadStepDefinitions.java:95)
	at io.cucumber.java.Invoker.doInvoke(Invoker.java:66)
	at io.cucumber.java.Invoker.invoke(Invoker.java:24)
	at io.cucumber.java.AbstractGlueDefinition.invokeMethod(AbstractGlueDefinition.java:47)
	at io.cucumber.java.JavaStepDefinition.execute(JavaStepDefinition.java:29)
	at io.cucumber.core.runner.CoreStepDefinition.execute(CoreStepDefinition.java:66)
	at io.cucumber.core.runner.PickleStepDefinitionMatch.runStep(PickleStepDefinitionMatch.java:63)
	at io.cucumber.core.runner.ExecutionMode$1.execute(ExecutionMode.java:10)
	at io.cucumber.core.runner.TestStep.executeStep(TestStep.java:86)
	at io.cucumber.core.runner.TestStep.run(TestStep.java:57)
	at io.cucumber.core.runner.PickleStepTestStep.run(PickleStepTestStep.java:51)
	at io.cucumber.core.runner.TestCase.run(TestCase.java:95)
	at io.cucumber.core.runner.Runner.runPickle(Runner.java:75)
	at io.cucumber.testng.TestNGCucumberRunner.lambda$runScenario$1(TestNGCucumberRunner.java:132)
	at io.cucumber.core.runtime.CucumberExecutionContext.lambda$runTestCase$3(CucumberExecutionContext.java:151)
	at io.cucumber.core.runtime.RethrowingThrowableCollector.executeAndThrow(RethrowingThrowableCollector.java:23)
	at io.cucumber.core.runtime.CucumberExecutionContext.runTestCase(CucumberExecutionContext.java:151)
	at io.cucumber.testng.TestNGCucumberRunner.runScenario(TestNGCucumberRunner.java:129)
	at io.cucumber.testng.AbstractTestNGCucumberTests.runScenario(AbstractTestNGCucumberTests.java:35)
	at java.base/java.util.concurrent.ThreadPoolExecutor.runWorker(ThreadPoolExecutor.java:1130)
	at java.base/java.util.concurrent.ThreadPoolExecutor$Worker.run(ThreadPoolExecutor.java:630)
	at java.base/java.lang.Thread.run(Thread.java:832)
Caused by: org.openqa.selenium.TimeoutException: Expected condition failed: waiting for io.appium.java_client.pagefactory.AppiumElementLocator$WaitingFunction@24eff323 (tried for 30 second(s) with 500 milliseconds interval)
	at org.openqa.selenium.support.ui.FluentWait.timeoutException(FluentWait.java:265)
	at org.openqa.selenium.support.ui.FluentWait.until(FluentWait.java:228)
	at io.appium.java_client.pagefactory.AppiumElementLocator.waitFor(AppiumElementLocator.java:135)
	at io.appium.java_client.pagefactory.AppiumElementLocator.findElement(AppiumElementLocator.java:160)
	... 44 more
Caused by: org.openqa.selenium.NoSuchElementException: Cannot locate an element using By.chained({By.xpath: //XCUIElementTypeButton[@name=&quot;Allow While Using App&quot;]})
For documentation on this error, please visit: https://www.selenium.dev/documentation/webdriver/troubleshooting/errors#no-such-element-exception
Build info: version: &apos;4.27.0&apos;, revision: &apos;d6e718d134&apos;
System info: os.name: &apos;Mac OS X&apos;, os.arch: &apos;x86_64&apos;, os.version: &apos;10.16&apos;, java.version: &apos;15.0.2&apos;
Driver info: driver.version: RemoteWebDriver
	at io.appium.java_client.pagefactory.bys.builder.ByChained.findElement(ByChained.java:74)
	at org.openqa.selenium.remote.ElementLocation$ElementFinder$1.findElement(ElementLocation.java:139)
	at org.openqa.selenium.remote.ElementLocation.findElement(ElementLocation.java:59)
	at org.openqa.selenium.remote.RemoteWebDriver.findElement(RemoteWebDriver.java:368)
	at org.openqa.selenium.remote.RemoteWebDriver.findElement(RemoteWebDriver.java:362)
	at io.appium.java_client.pagefactory.bys.ContentMappedBy.findElement(ContentMappedBy.java:54)
	at org.openqa.selenium.remote.ElementLocation$ElementFinder$1.findElement(ElementLocation.java:139)
	at org.openqa.selenium.remote.ElementLocation.findElement(ElementLocation.java:59)
	at org.openqa.selenium.remote.RemoteWebDriver.findElement(RemoteWebDriver.java:368)
	at org.openqa.selenium.remote.RemoteWebDriver.findElement(RemoteWebDriver.java:362)
	at io.appium.java_client.pagefactory.AppiumElementLocator.lambda$findElement$1(AppiumElementLocator.java:160)
	at io.appium.java_client.pagefactory.AppiumElementLocator$WaitingFunction.apply(AppiumElementLocator.java:217)
	at io.appium.java_client.pagefactory.AppiumElementLocator$WaitingFunction.apply(AppiumElementLocator.java:210)
	at org.openqa.selenium.support.ui.FluentWait.until(FluentWait.java:203)
	... 46 more
... Removed 13 stack frames
</div> <!-- stack-trace -->
                  <em>
(Runs Cucumber Scenarios)                  </em>
                </div> <!-- method-content -->
              </div> <!-- method -->
            </div> <!-- main-panel-content rounded-window-bottom -->
          </div> <!-- suite-Cucumber_Demo_Framework-class-failed -->
        </div> <!-- panel Cucumber_Demo_Framework -->
        <div panel-name="test-xml-Cucumber_Demo_Framework" class="panel">
          <div class="main-panel-header rounded-window-top">
            <span class="header-content">/Users/00131018amirulhakim/Documents/com.test 2.framework/testng.xml</span>
          </div> <!-- main-panel-header rounded-window-top -->
          <div class="main-panel-content rounded-window-bottom">
            <pre>
&lt;?xml version=&quot;1.0&quot; encoding=&quot;UTF-8&quot;?&gt;
&lt;!DOCTYPE suite SYSTEM &quot;https://testng.org/testng-1.0.dtd&quot;&gt;
&lt;suite name=&quot;Cucumber Demo Framework&quot; guice-stage=&quot;DEVELOPMENT&quot; verbose=&quot;0&quot;&gt;
  &lt;test thread-count=&quot;5&quot; name=&quot;Test Demo&quot; verbose=&quot;0&quot;&gt;
    &lt;classes&gt;
      &lt;class name=&quot;builds.main.CucumberRun&quot;/&gt;
    &lt;/classes&gt;
  &lt;/test&gt; &lt;!-- Test Demo --&gt;
&lt;/suite&gt; &lt;!-- Cucumber Demo Framework --&gt;
            </pre>
          </div> <!-- main-panel-content rounded-window-bottom -->
        </div> <!-- panel -->
        <div panel-name="testlist-Cucumber_Demo_Framework" class="panel">
          <div class="main-panel-header rounded-window-top">
            <span class="header-content">Tests for Cucumber Demo Framework</span>
          </div> <!-- main-panel-header rounded-window-top -->
          <div class="main-panel-content rounded-window-bottom">
            <ul>
              <li>
                <span class="test-name">Test Demo (1 class)</span>
              </li>
            </ul>
          </div> <!-- main-panel-content rounded-window-bottom -->
        </div> <!-- panel -->
        <div panel-name="group-Cucumber_Demo_Framework" class="panel">
          <div class="main-panel-header rounded-window-top">
            <span class="header-content">Groups for Cucumber Demo Framework</span>
          </div> <!-- main-panel-header rounded-window-top -->
          <div class="main-panel-content rounded-window-bottom">
            <div class="test-group">
              <span class="test-group-name">cucumber</span>
              <br/>
              <div class="method-in-group">
                <span class="method-in-group-name">runScenario</span>
                <br/>
              </div> <!-- method-in-group -->
            </div> <!-- test-group -->
          </div> <!-- main-panel-content rounded-window-bottom -->
        </div> <!-- panel -->
        <div panel-name="times-Cucumber_Demo_Framework" class="panel">
          <div class="main-panel-header rounded-window-top">
            <span class="header-content">Times for Cucumber Demo Framework</span>
          </div> <!-- main-panel-header rounded-window-top -->
          <div class="main-panel-content rounded-window-bottom">
            <div class="times-div">
              <script type="text/javascript">
suiteTableInitFunctions.push('tableData_Cucumber_Demo_Framework');
function tableData_Cucumber_Demo_Framework() {
var data = new google.visualization.DataTable();
data.addColumn('number', 'Number');
data.addColumn('string', 'Method');
data.addColumn('string', 'Class');
data.addColumn('number', 'Time (ms)');
data.addRows(5);
data.setCell(0, 0, 0)
data.setCell(0, 1, 'runScenario')
data.setCell(0, 2, 'builds.main.CucumberRun$TestRunner')
data.setCell(0, 3, 117432);
data.setCell(1, 0, 1)
data.setCell(1, 1, 'runScenario')
data.setCell(1, 2, 'builds.main.CucumberRun$TestRunner')
data.setCell(1, 3, 105680);
data.setCell(2, 0, 2)
data.setCell(2, 1, 'runScenario')
data.setCell(2, 2, 'builds.main.CucumberRun$TestRunner')
data.setCell(2, 3, 104653);
data.setCell(3, 0, 3)
data.setCell(3, 1, 'runScenario')
data.setCell(3, 2, 'builds.main.CucumberRun$TestRunner')
data.setCell(3, 3, 21755);
data.setCell(4, 0, 4)
data.setCell(4, 1, 'runScenario')
data.setCell(4, 2, 'builds.main.CucumberRun$TestRunner')
data.setCell(4, 3, 21755);
window.suiteTableData['Cucumber_Demo_Framework']= { tableData: data, tableDiv: 'times-div-Cucumber_Demo_Framework'}
return data;
}
              </script>
              <span class="suite-total-time">Total running time: 6 minutes</span>
              <div id="times-div-Cucumber_Demo_Framework">
              </div> <!-- times-div-Cucumber_Demo_Framework -->
            </div> <!-- times-div -->
          </div> <!-- main-panel-content rounded-window-bottom -->
        </div> <!-- panel -->
        <div panel-name="reporter-Cucumber_Demo_Framework" class="panel">
          <div class="main-panel-header rounded-window-top">
            <span class="header-content">Reporter output for Cucumber Demo Framework</span>
          </div> <!-- main-panel-header rounded-window-top -->
          <div class="main-panel-content rounded-window-bottom">
          </div> <!-- main-panel-content rounded-window-bottom -->
        </div> <!-- panel -->
        <div panel-name="ignored-methods-Cucumber_Demo_Framework" class="panel">
          <div class="main-panel-header rounded-window-top">
            <span class="header-content">0 ignored methods</span>
          </div> <!-- main-panel-header rounded-window-top -->
          <div class="main-panel-content rounded-window-bottom">
          </div> <!-- main-panel-content rounded-window-bottom -->
        </div> <!-- panel -->
        <div panel-name="chronological-Cucumber_Demo_Framework" class="panel">
          <div class="main-panel-header rounded-window-top">
            <span class="header-content">Methods in chronological order</span>
          </div> <!-- main-panel-header rounded-window-top -->
          <div class="main-panel-content rounded-window-bottom">
            <div class="chronological-class">
              <div class="chronological-class-name">builds.main.CucumberRun$TestRunner</div> <!-- chronological-class-name -->
              <div class="configuration-suite before">
                <span class="method-name">beforeSuite</span>
                <span class="method-start">0 ms</span>
              </div> <!-- configuration-suite before -->
              <div class="configuration-class before">
                <span class="method-name">setUpClass(org.testng.TestRunner@7e7fe6d)</span>
                <span class="method-start">31 ms</span>
              </div> <!-- configuration-class before -->
              <div class="test-method">
                <img src="failed.png">
                </img>
                <span class="method-name">runScenario("Verify notepad in mobile is able to write", "Optional[Demo Feature]")</span>
                <span class="method-start">738 ms</span>
              </div> <!-- test-method -->
              <div class="test-method">
                <img src="failed.png">
                </img>
                <span class="method-name">runScenario("Verify Browser & App Login", "Optional[Demo Feature]")</span>
                <span class="method-start">738 ms</span>
              </div> <!-- test-method -->
              <div class="test-method">
                <img src="failed.png">
                </img>
                <span class="method-name">runScenario("Verify Statistics section in web browser", "Optional[Demo Feature]")</span>
                <span class="method-start">738 ms</span>
              </div> <!-- test-method -->
              <div class="test-method">
                <img src="failed.png">
                </img>
                <span class="method-name">runScenario("Verify notepad in mobile is able to write", "Optional[Demo Feature]")</span>
                <span class="method-start">738 ms</span>
              </div> <!-- test-method -->
              <div class="test-method">
                <img src="failed.png">
                </img>
                <span class="method-name">runScenario("To Test IOS Simulator with Page Factory Approach", "Optional[Demo Feature]")</span>
                <span class="method-start">738 ms</span>
              </div> <!-- test-method -->
              <div class="configuration-class after">
                <span class="method-name">tearDownClass</span>
                <span class="method-start">118180 ms</span>
              </div> <!-- configuration-class after -->
              <div class="configuration-suite after">
                <span class="method-name">afterSuite</span>
                <span class="method-start">128831 ms</span>
              </div> <!-- configuration-suite after -->
          </div> <!-- main-panel-content rounded-window-bottom -->
        </div> <!-- panel -->
      </div> <!-- main-panel-root -->
    </div> <!-- wrapper -->
  </body>
<script type="text/javascript" src="testng-reports2.js"></script>
</html>
